18:35:21 **** Incremental Build of configuration Debug for project calclib_test ****
make all 
Building file: ../src/Test.cpp
Invoking: GCC C++ Compiler
g++ -std=c++1y -I"/home/rzi/HSR/module/CPl/workspace/calclib_test/cute" -O0 -g3 -Wall -c -fmessage-length=0 -Wno-attributes -MMD -MP -MF"src/Test.d" -MT"src/Test.o" -o "src/Test.o" "../src/Test.cpp"
../src/Test.cpp:5:24: fatal error: calculator.h: No such file or directory
 #include "calculator.h"
                        ^
compilation terminated.
make: *** [src/subdir.mk:20: src/Test.o] Error 1

18:35:21 Build Finished (took 137ms)

