09:31:35 **** Incremental Build of configuration Debug for project Testat ****
make all 
make: Nothing to be done for 'all'.
09:31:40 **** Incremental Build of configuration Debug for project Testat ****
make all 
make: Nothing to be done for 'all'.
09:32:58 **** Incremental Build of configuration Debug for project Testat ****
make all 
Building file: ../src/Test.cpp
Invoking: GCC C++ Compiler
g++ -std=c++1y -I"/home/rzi/HSR/module/CPl/workspace/Testat/cute" -O0 -g3 -Wall -c -fmessage-length=0 -Wno-attributes -MMD -MP -MF"src/Test.d" -MT"src/Test.o" -o "src/Test.o" "../src/Test.cpp"
../src/Test.cpp: In function ‘void testSevenSegmentOverflow()’:
../src/Test.cpp:184:29: error: too many arguments to function ‘void printLargeDigit(int, std::ostream&)’
  printLargeDigit(144, out, 2);
                             ^
In file included from ../src/Test.cpp:8:0:
../src/sevensegment.h:8:6: note: declared here
 void printLargeDigit(int const i, std::ostream &out);
      ^~~~~~~~~~~~~~~
make: *** [src/subdir.mk:32: src/Test.o] Error 1
09:33:07 **** Incremental Build of configuration Debug for project Testat ****
make all 
Building file: ../src/Test.cpp
Invoking: GCC C++ Compiler
g++ -std=c++1y -I"/home/rzi/HSR/module/CPl/workspace/Testat/cute" -O0 -g3 -Wall -c -fmessage-length=0 -Wno-attributes -MMD -MP -MF"src/Test.d" -MT"src/Test.o" -o "src/Test.o" "../src/Test.cpp"
Finished building: ../src/Test.cpp
 
Building target: Testat
Invoking: GCC C++ Linker
g++  -o "Testat"  ./src/Test.o ./src/calc.o ./src/main.o ./src/pocketcalculator.o ./src/sevensegment.o   
Finished building target: Testat
 
09:33:20 **** Incremental Build of configuration Debug for project Testat ****
make all 
Building file: ../src/Test.cpp
Invoking: GCC C++ Compiler
g++ -std=c++1y -I"/home/rzi/HSR/module/CPl/workspace/Testat/cute" -O0 -g3 -Wall -c -fmessage-length=0 -Wno-attributes -MMD -MP -MF"src/Test.d" -MT"src/Test.o" -o "src/Test.o" "../src/Test.cpp"
Finished building: ../src/Test.cpp
 
Building target: Testat
Invoking: GCC C++ Linker
g++  -o "Testat"  ./src/Test.o ./src/calc.o ./src/main.o ./src/pocketcalculator.o ./src/sevensegment.o   
Finished building target: Testat
 
09:33:49 **** Incremental Build of configuration Debug for project Testat ****
make all 
Building file: ../src/main.cpp
Invoking: GCC C++ Compiler
g++ -std=c++1y -I"/home/rzi/HSR/module/CPl/workspace/Testat/cute" -O0 -g3 -Wall -c -fmessage-length=0 -Wno-attributes -MMD -MP -MF"src/main.d" -MT"src/main.o" -o "src/main.o" "../src/main.cpp"
../src/main.cpp: In function ‘int main_(int, char**)’:
../src/main.cpp:5:2: error: ‘out’ is not a member of ‘std’
  std:: out >> argv[0];
  ^~~
../src/main.cpp:7:1: warning: no return statement in function returning non-void [-Wreturn-type]
 }
 ^
make: *** [src/subdir.mk:32: src/main.o] Error 1
09:36:09 **** Incremental Build of configuration Debug for project Testat ****
make all 
Building file: ../src/main.cpp
Invoking: GCC C++ Compiler
g++ -std=c++1y -I"/home/rzi/HSR/module/CPl/workspace/Testat/cute" -O0 -g3 -Wall -c -fmessage-length=0 -Wno-attributes -MMD -MP -MF"src/main.d" -MT"src/main.o" -o "src/main.o" "../src/main.cpp"
../src/main.cpp: In function ‘int main_(int, char**)’:
../src/main.cpp:11:42: error: ‘scale’ was not declared in this scope
    pocketcalculator(std::cin, std::cout, scale, maxWidth);
                                          ^~~~~
../src/main.cpp:11:49: error: ‘maxWidth’ was not declared in this scope
    pocketcalculator(std::cin, std::cout, scale, maxWidth);
                                                 ^~~~~~~~
../src/main.cpp:14:1: warning: no return statement in function returning non-void [-Wreturn-type]
 }
 ^
make: *** [src/subdir.mk:32: src/main.o] Error 1
09:37:28 **** Incremental Build of configuration Debug for project Testat ****
make all 
Building file: ../src/Test.cpp
Invoking: GCC C++ Compiler
g++ -std=c++1y -I"/home/rzi/HSR/module/CPl/workspace/Testat/cute" -O0 -g3 -Wall -c -fmessage-length=0 -Wno-attributes -MMD -MP -MF"src/Test.d" -MT"src/Test.o" -o "src/Test.o" "../src/Test.cpp"
Finished building: ../src/Test.cpp
 
Building file: ../src/main.cpp
Invoking: GCC C++ Compiler
g++ -std=c++1y -I"/home/rzi/HSR/module/CPl/workspace/Testat/cute" -O0 -g3 -Wall -c -fmessage-length=0 -Wno-attributes -MMD -MP -MF"src/main.d" -MT"src/main.o" -o "src/main.o" "../src/main.cpp"
../src/main.cpp: In function ‘int main_(int, char**)’:
../src/main.cpp:11:42: error: ‘scale’ was not declared in this scope
    pocketcalculator(std::cin, std::cout, scale=4);
                                          ^~~~~
../src/main.cpp:14:1: warning: no return statement in function returning non-void [-Wreturn-type]
 }
 ^
make: *** [src/subdir.mk:32: src/main.o] Error 1
09:37:45 **** Incremental Build of configuration Debug for project Testat ****
make all 
Building file: ../src/main.cpp
Invoking: GCC C++ Compiler
g++ -std=c++1y -I"/home/rzi/HSR/module/CPl/workspace/Testat/cute" -O0 -g3 -Wall -c -fmessage-length=0 -Wno-attributes -MMD -MP -MF"src/main.d" -MT"src/main.o" -o "src/main.o" "../src/main.cpp"
../src/main.cpp: In function ‘int main_(int, char**)’:
../src/main.cpp:14:1: warning: no return statement in function returning non-void [-Wreturn-type]
 }
 ^
Finished building: ../src/main.cpp
 
Building file: ../src/pocketcalculator.cpp
Invoking: GCC C++ Compiler
g++ -std=c++1y -I"/home/rzi/HSR/module/CPl/workspace/Testat/cute" -O0 -g3 -Wall -c -fmessage-length=0 -Wno-attributes -MMD -MP -MF"src/pocketcalculator.d" -MT"src/pocketcalculator.o" -o "src/pocketcalculator.o" "../src/pocketcalculator.cpp"
Finished building: ../src/pocketcalculator.cpp
 
Building file: ../src/sevensegment.cpp
Invoking: GCC C++ Compiler
g++ -std=c++1y -I"/home/rzi/HSR/module/CPl/workspace/Testat/cute" -O0 -g3 -Wall -c -fmessage-length=0 -Wno-attributes -MMD -MP -MF"src/sevensegment.d" -MT"src/sevensegment.o" -o "src/sevensegment.o" "../src/sevensegment.cpp"
../src/sevensegment.cpp: In instantiation of ‘do_print(std::__cxx11::string, std::ostream&, unsigned int)::<lambda(auto:1)> [with auto:1 = std::vector<std::__cxx11::basic_string<char> >]’:
/usr/include/c++/6.2.1/bits/stl_algo.h:3769:5:   required from ‘_Funct std::for_each(_IIter, _IIter, _Funct) [with _IIter = __gnu_cxx::__normal_iterator<const std::vector<std::__cxx11::basic_string<char> >*, std::vector<std::vector<std::__cxx11::basic_string<char> > > >; _Funct = do_print(std::__cxx11::string, std::ostream&, unsigned int)::<lambda(auto:1)>]’
../src/sevensegment.cpp:41:3:   required from here
../src/sevensegment.cpp:21:68: warning: narrowing conversion of ‘(((counter == 2) || (counter == 4)) ? ((unsigned int)scale) : 1u)’ from ‘unsigned int’ to ‘int’ inside { } [-Wnarrowing]
   const int repetitions {(counter == 2 || counter == 4) ? scale : 1};
                                                                    ^
Finished building: ../src/sevensegment.cpp
 
Building target: Testat
Invoking: GCC C++ Linker
g++  -o "Testat"  ./src/Test.o ./src/calc.o ./src/main.o ./src/pocketcalculator.o ./src/sevensegment.o   
Finished building target: Testat
 
09:37:56 **** Incremental Build of configuration Debug for project Testat ****
make all 
Building file: ../src/main.cpp
Invoking: GCC C++ Compiler
g++ -std=c++1y -I"/home/rzi/HSR/module/CPl/workspace/Testat/cute" -O0 -g3 -Wall -c -fmessage-length=0 -Wno-attributes -MMD -MP -MF"src/main.d" -MT"src/main.o" -o "src/main.o" "../src/main.cpp"
Finished building: ../src/main.cpp
 
Building target: Testat
Invoking: GCC C++ Linker
g++  -o "Testat"  ./src/Test.o ./src/calc.o ./src/main.o ./src/pocketcalculator.o ./src/sevensegment.o   
Finished building target: Testat
 
09:39:31 **** Incremental Build of configuration Debug for project Testat ****
make all 
Building file: ../src/main.cpp
Invoking: GCC C++ Compiler
g++ -std=c++1y -I"/home/rzi/HSR/module/CPl/workspace/Testat/cute" -O0 -g3 -Wall -c -fmessage-length=0 -Wno-attributes -MMD -MP -MF"src/main.d" -MT"src/main.o" -o "src/main.o" "../src/main.cpp"
Finished building: ../src/main.cpp
 
Building target: Testat
Invoking: GCC C++ Linker
g++  -o "Testat"  ./src/Test.o ./src/calc.o ./src/main.o ./src/pocketcalculator.o ./src/sevensegment.o   
Finished building target: Testat
 
09:39:51 **** Incremental Build of configuration Debug for project Testat ****
make all 
make: Nothing to be done for 'all'.
09:40:02 **** Incremental Build of configuration Debug for project Testat ****
make all 
Building file: ../src/Test.cpp
Invoking: GCC C++ Compiler
g++ -std=c++1y -I"/home/rzi/HSR/module/CPl/workspace/Testat/cute" -O0 -g3 -Wall -c -fmessage-length=0 -Wno-attributes -MMD -MP -MF"src/Test.d" -MT"src/Test.o" -o "src/Test.o" "../src/Test.cpp"
Finished building: ../src/Test.cpp
 
Building file: ../src/main.cpp
Invoking: GCC C++ Compiler
g++ -std=c++1y -I"/home/rzi/HSR/module/CPl/workspace/Testat/cute" -O0 -g3 -Wall -c -fmessage-length=0 -Wno-attributes -MMD -MP -MF"src/main.d" -MT"src/main.o" -o "src/main.o" "../src/main.cpp"
Finished building: ../src/main.cpp
 
Building target: Testat
Invoking: GCC C++ Linker
g++  -o "Testat"  ./src/Test.o ./src/calc.o ./src/main.o ./src/pocketcalculator.o ./src/sevensegment.o   
Finished building target: Testat
 
09:40:26 **** Incremental Build of configuration Debug for project Testat ****
make all 
make: Nothing to be done for 'all'.
09:40:35 **** Incremental Build of configuration Debug for project Testat ****
make all 
make: Nothing to be done for 'all'.
09:41:00 **** Incremental Build of configuration Debug for project Testat ****
make all 
Building file: ../src/main.cpp
Invoking: GCC C++ Compiler
g++ -std=c++1y -I"/home/rzi/HSR/module/CPl/workspace/Testat/cute" -O0 -g3 -Wall -c -fmessage-length=0 -Wno-attributes -MMD -MP -MF"src/main.d" -MT"src/main.o" -o "src/main.o" "../src/main.cpp"
Finished building: ../src/main.cpp
 
Building target: Testat
Invoking: GCC C++ Linker
g++  -o "Testat"  ./src/Test.o ./src/calc.o ./src/main.o ./src/pocketcalculator.o ./src/sevensegment.o   
Finished building target: Testat
 
09:41:01 **** Incremental Build of configuration Debug for project Testat ****
make all 
make: Nothing to be done for 'all'.
09:41:14 **** Incremental Build of configuration Debug for project Testat ****
make all 
Building file: ../src/main.cpp
Invoking: GCC C++ Compiler
g++ -std=c++1y -I"/home/rzi/HSR/module/CPl/workspace/Testat/cute" -O0 -g3 -Wall -c -fmessage-length=0 -Wno-attributes -MMD -MP -MF"src/main.d" -MT"src/main.o" -o "src/main.o" "../src/main.cpp"
Finished building: ../src/main.cpp
 
Building target: Testat
Invoking: GCC C++ Linker
g++  -o "Testat"  ./src/Test.o ./src/calc.o ./src/main.o ./src/pocketcalculator.o ./src/sevensegment.o   
Finished building target: Testat
 
09:41:18 **** Incremental Build of configuration Debug for project Testat ****
make all 
make: Nothing to be done for 'all'.
09:41:25 **** Incremental Build of configuration Debug for project Testat ****
make all 
make: Nothing to be done for 'all'.
09:42:59 **** Incremental Build of configuration Debug for project Testat ****
make all 
Building file: ../src/main.cpp
Invoking: GCC C++ Compiler
g++ -std=c++1y -I"/home/rzi/HSR/module/CPl/workspace/Testat/cute" -O0 -g3 -Wall -c -fmessage-length=0 -Wno-attributes -MMD -MP -MF"src/main.d" -MT"src/main.o" -o "src/main.o" "../src/main.cpp"
Finished building: ../src/main.cpp
 
Building target: Testat
Invoking: GCC C++ Linker
g++  -o "Testat"  ./src/Test.o ./src/calc.o ./src/main.o ./src/pocketcalculator.o ./src/sevensegment.o   
Finished building target: Testat
 
09:43:02 **** Incremental Build of configuration Debug for project Testat ****
make all 
make: Nothing to be done for 'all'.
09:43:26 **** Incremental Build of configuration Debug for project Testat ****
make all 
make: Nothing to be done for 'all'.
09:43:38 **** Incremental Build of configuration Debug for project Testat ****
make all 
Building file: ../src/main.cpp
Invoking: GCC C++ Compiler
g++ -std=c++1y -I"/home/rzi/HSR/module/CPl/workspace/Testat/cute" -O0 -g3 -Wall -c -fmessage-length=0 -Wno-attributes -MMD -MP -MF"src/main.d" -MT"src/main.o" -o "src/main.o" "../src/main.cpp"
Finished building: ../src/main.cpp
 
Building target: Testat
Invoking: GCC C++ Linker
g++  -o "Testat"  ./src/Test.o ./src/calc.o ./src/main.o ./src/pocketcalculator.o ./src/sevensegment.o   
Finished building target: Testat
 
09:43:40 **** Incremental Build of configuration Debug for project Testat ****
make all 
make: Nothing to be done for 'all'.
09:43:42 **** Incremental Build of configuration Debug for project Testat ****
make all 
make: Nothing to be done for 'all'.
09:44:35 **** Incremental Build of configuration Debug for project Testat ****
make all 
Building file: ../src/Test.cpp
Invoking: GCC C++ Compiler
g++ -std=c++1y -I"/home/rzi/HSR/module/CPl/workspace/Testat/cute" -O0 -g3 -Wall -c -fmessage-length=0 -Wno-attributes -MMD -MP -MF"src/Test.d" -MT"src/Test.o" -o "src/Test.o" "../src/Test.cpp"
Finished building: ../src/Test.cpp
 
Building file: ../src/main.cpp
Invoking: GCC C++ Compiler
g++ -std=c++1y -I"/home/rzi/HSR/module/CPl/workspace/Testat/cute" -O0 -g3 -Wall -c -fmessage-length=0 -Wno-attributes -MMD -MP -MF"src/main.d" -MT"src/main.o" -o "src/main.o" "../src/main.cpp"
Finished building: ../src/main.cpp
 
Building target: Testat
Invoking: GCC C++ Linker
g++  -o "Testat"  ./src/Test.o ./src/calc.o ./src/main.o ./src/pocketcalculator.o ./src/sevensegment.o   
Finished building target: Testat
 
09:47:36 **** Incremental Build of configuration Debug for project Testat ****
make all 
Building file: ../src/Test.cpp
Invoking: GCC C++ Compiler
g++ -std=c++1y -I"/home/rzi/HSR/module/CPl/workspace/Testat/cute" -O0 -g3 -Wall -c -fmessage-length=0 -Wno-attributes -MMD -MP -MF"src/Test.d" -MT"src/Test.o" -o "src/Test.o" "../src/Test.cpp"
Finished building: ../src/Test.cpp
 
Building target: Testat
Invoking: GCC C++ Linker
g++  -o "Testat"  ./src/Test.o ./src/calc.o ./src/main.o ./src/pocketcalculator.o ./src/sevensegment.o   
Finished building target: Testat
 
09:47:41 **** Incremental Build of configuration Debug for project Testat ****
make all 
make: Nothing to be done for 'all'.
09:49:19 **** Incremental Build of configuration Debug for project Testat ****
make all 
Building file: ../src/Test.cpp
Invoking: GCC C++ Compiler
g++ -std=c++1y -I"/home/rzi/HSR/module/CPl/workspace/Testat/cute" -O0 -g3 -Wall -c -fmessage-length=0 -Wno-attributes -MMD -MP -MF"src/Test.d" -MT"src/Test.o" -o "src/Test.o" "../src/Test.cpp"
Finished building: ../src/Test.cpp
 
Building target: Testat
Invoking: GCC C++ Linker
g++  -o "Testat"  ./src/Test.o ./src/calc.o ./src/main.o ./src/pocketcalculator.o ./src/sevensegment.o   
Finished building target: Testat
 
09:49:33 **** Incremental Build of configuration Debug for project Testat ****
make all 
Building file: ../src/Test.cpp
Invoking: GCC C++ Compiler
g++ -std=c++1y -I"/home/rzi/HSR/module/CPl/workspace/Testat/cute" -O0 -g3 -Wall -c -fmessage-length=0 -Wno-attributes -MMD -MP -MF"src/Test.d" -MT"src/Test.o" -o "src/Test.o" "../src/Test.cpp"
../src/Test.cpp:244:75: error: macro "ASSERT_THROWS" passed 3 arguments, but takes just 2
  ASSERT_THROWS(calc(17, 15, '&'), std::logic_error, "Unsupported operator");
                                                                           ^
../src/Test.cpp: In function ‘void testInvalidOperator()’:
../src/Test.cpp:244:2: error: ‘ASSERT_THROWS’ was not declared in this scope
  ASSERT_THROWS(calc(17, 15, '&'), std::logic_error, "Unsupported operator");
  ^~~~~~~~~~~~~
make: *** [src/subdir.mk:32: src/Test.o] Error 1
09:49:48 **** Incremental Build of configuration Debug for project Testat ****
make all 
Building file: ../src/Test.cpp
Invoking: GCC C++ Compiler
g++ -std=c++1y -I"/home/rzi/HSR/module/CPl/workspace/Testat/cute" -O0 -g3 -Wall -c -fmessage-length=0 -Wno-attributes -MMD -MP -MF"src/Test.d" -MT"src/Test.o" -o "src/Test.o" "../src/Test.cpp"
Finished building: ../src/Test.cpp
 
Building target: Testat
Invoking: GCC C++ Linker
g++  -o "Testat"  ./src/Test.o ./src/calc.o ./src/main.o ./src/pocketcalculator.o ./src/sevensegment.o   
Finished building target: Testat
 
09:49:56 **** Incremental Build of configuration Debug for project Testat ****
make all 
make: Nothing to be done for 'all'.
09:50:21 **** Incremental Build of configuration Debug for project Testat ****
make all 
Building file: ../src/Test.cpp
Invoking: GCC C++ Compiler
g++ -std=c++1y -I"/home/rzi/HSR/module/CPl/workspace/Testat/cute" -O0 -g3 -Wall -c -fmessage-length=0 -Wno-attributes -MMD -MP -MF"src/Test.d" -MT"src/Test.o" -o "src/Test.o" "../src/Test.cpp"
Finished building: ../src/Test.cpp
 
Building target: Testat
Invoking: GCC C++ Linker
g++  -o "Testat"  ./src/Test.o ./src/calc.o ./src/main.o ./src/pocketcalculator.o ./src/sevensegment.o   
Finished building target: Testat
 
09:50:24 **** Incremental Build of configuration Debug for project Testat ****
make all 
make: Nothing to be done for 'all'.
09:50:54 **** Incremental Build of configuration Debug for project Testat ****
make all 
Building file: ../src/Test.cpp
Invoking: GCC C++ Compiler
g++ -std=c++1y -I"/home/rzi/HSR/module/CPl/workspace/Testat/cute" -O0 -g3 -Wall -c -fmessage-length=0 -Wno-attributes -MMD -MP -MF"src/Test.d" -MT"src/Test.o" -o "src/Test.o" "../src/Test.cpp"
Finished building: ../src/Test.cpp
 
Building target: Testat
Invoking: GCC C++ Linker
g++  -o "Testat"  ./src/Test.o ./src/calc.o ./src/main.o ./src/pocketcalculator.o ./src/sevensegment.o   
Finished building target: Testat
 
09:51:40 **** Incremental Build of configuration Debug for project Testat ****
make all 
Building file: ../src/main.cpp
Invoking: GCC C++ Compiler
g++ -std=c++1y -I"/home/rzi/HSR/module/CPl/workspace/Testat/cute" -O0 -g3 -Wall -c -fmessage-length=0 -Wno-attributes -MMD -MP -MF"src/main.d" -MT"src/main.o" -o "src/main.o" "../src/main.cpp"
Finished building: ../src/main.cpp
 
Building target: Testat
Invoking: GCC C++ Linker
g++  -o "Testat"  ./src/Test.o ./src/calc.o ./src/main.o ./src/pocketcalculator.o ./src/sevensegment.o   
Finished building target: Testat
 
09:53:00 **** Incremental Build of configuration Debug for project Testat ****
make all 
Building file: ../src/Test.cpp
Invoking: GCC C++ Compiler
g++ -std=c++1y -I"/home/rzi/HSR/module/CPl/workspace/Testat/cute" -O0 -g3 -Wall -c -fmessage-length=0 -Wno-attributes -MMD -MP -MF"src/Test.d" -MT"src/Test.o" -o "src/Test.o" "../src/Test.cpp"
../src/Test.cpp: In function ‘void testPocketCalculatorEmpty()’:
../src/Test.cpp:260:32: error: ‘pocketcalculator’ was not declared in this scope
  pocketcalculator(in, out, 1, 1);
                                ^
make: *** [src/subdir.mk:32: src/Test.o] Error 1
09:53:14 **** Incremental Build of configuration Debug for project Testat ****
make all 
Building file: ../src/Test.cpp
Invoking: GCC C++ Compiler
g++ -std=c++1y -I"/home/rzi/HSR/module/CPl/workspace/Testat/cute" -O0 -g3 -Wall -c -fmessage-length=0 -Wno-attributes -MMD -MP -MF"src/Test.d" -MT"src/Test.o" -o "src/Test.o" "../src/Test.cpp"
Finished building: ../src/Test.cpp
 
Building target: Testat
Invoking: GCC C++ Linker
g++  -o "Testat"  ./src/Test.o ./src/calc.o ./src/main.o ./src/pocketcalculator.o ./src/sevensegment.o   
Finished building target: Testat
 
09:53:21 **** Incremental Build of configuration Debug for project Testat ****
make all 
make: Nothing to be done for 'all'.
09:53:58 **** Incremental Build of configuration Debug for project Testat ****
make all 
Building file: ../src/Test.cpp
Invoking: GCC C++ Compiler
g++ -std=c++1y -I"/home/rzi/HSR/module/CPl/workspace/Testat/cute" -O0 -g3 -Wall -c -fmessage-length=0 -Wno-attributes -MMD -MP -MF"src/Test.d" -MT"src/Test.o" -o "src/Test.o" "../src/Test.cpp"
Finished building: ../src/Test.cpp
 
Building target: Testat
Invoking: GCC C++ Linker
g++  -o "Testat"  ./src/Test.o ./src/calc.o ./src/main.o ./src/pocketcalculator.o ./src/sevensegment.o   
Finished building target: Testat
 
09:54:01 **** Incremental Build of configuration Debug for project Testat ****
make all 
make: Nothing to be done for 'all'.
09:54:06 **** Incremental Build of configuration Debug for project Testat ****
make all 
Building file: ../src/Test.cpp
Invoking: GCC C++ Compiler
g++ -std=c++1y -I"/home/rzi/HSR/module/CPl/workspace/Testat/cute" -O0 -g3 -Wall -c -fmessage-length=0 -Wno-attributes -MMD -MP -MF"src/Test.d" -MT"src/Test.o" -o "src/Test.o" "../src/Test.cpp"
Finished building: ../src/Test.cpp
 
Building target: Testat
Invoking: GCC C++ Linker
g++  -o "Testat"  ./src/Test.o ./src/calc.o ./src/main.o ./src/pocketcalculator.o ./src/sevensegment.o   
Finished building target: Testat
 
10:00:28 **** Incremental Build of configuration Debug for project Testat ****
make all 
Building file: ../src/Test.cpp
Invoking: GCC C++ Compiler
g++ -std=c++1y -I"/home/rzi/HSR/module/CPl/workspace/Testat/cute" -O0 -g3 -Wall -c -fmessage-length=0 -Wno-attributes -MMD -MP -MF"src/Test.d" -MT"src/Test.o" -o "src/Test.o" "../src/Test.cpp"
Finished building: ../src/Test.cpp
 
Building file: ../src/main.cpp
Invoking: GCC C++ Compiler
g++ -std=c++1y -I"/home/rzi/HSR/module/CPl/workspace/Testat/cute" -O0 -g3 -Wall -c -fmessage-length=0 -Wno-attributes -MMD -MP -MF"src/main.d" -MT"src/main.o" -o "src/main.o" "../src/main.cpp"
../src/main.cpp: In function ‘int main(int, char* const*)’:
../src/main.cpp:18:6: error: ‘cout’ was not declared in this scope
  std:cout << ok;
      ^~~~
../src/main.cpp:18:6: note: suggested alternative:
In file included from ../src/main.cpp:1:0:
/usr/include/c++/6.2.1/iostream:61:18: note:   ‘std::cout’
   extern ostream cout;  /// Linked to standard output
                  ^~~~
../src/main.cpp:18:2: warning: label ‘std’ defined but not used [-Wunused-label]
  std:cout << ok;
  ^~~
make: *** [src/subdir.mk:32: src/main.o] Error 1
10:01:05 **** Incremental Build of configuration Debug for project Testat ****
make all 
Building file: ../src/main.cpp
Invoking: GCC C++ Compiler
g++ -std=c++1y -I"/home/rzi/HSR/module/CPl/workspace/Testat/cute" -O0 -g3 -Wall -c -fmessage-length=0 -Wno-attributes -MMD -MP -MF"src/main.d" -MT"src/main.o" -o "src/main.o" "../src/main.cpp"
../src/main.cpp: In function ‘int main(int, char* const*)’:
../src/main.cpp:19:7: error: ‘cout’ was not declared in this scope
   std:cout << "OK!";
       ^~~~
../src/main.cpp:19:7: note: suggested alternative:
In file included from ../src/main.cpp:1:0:
/usr/include/c++/6.2.1/iostream:61:18: note:   ‘std::cout’
   extern ostream cout;  /// Linked to standard output
                  ^~~~
../src/main.cpp:21:3: error: duplicate label ‘std’
   std:cout << "NOT OK!";
   ^~~
../src/main.cpp:21:7: error: ‘cout’ was not declared in this scope
   std:cout << "NOT OK!";
       ^~~~
../src/main.cpp:21:7: note: suggested alternative:
In file included from ../src/main.cpp:1:0:
/usr/include/c++/6.2.1/iostream:61:18: note:   ‘std::cout’
   extern ostream cout;  /// Linked to standard output
                  ^~~~
../src/main.cpp:19:3: warning: label ‘std’ defined but not used [-Wunused-label]
   std:cout << "OK!";
   ^~~
make: *** [src/subdir.mk:32: src/main.o] Error 1
10:01:11 **** Incremental Build of configuration Debug for project Testat ****
make all 
Building file: ../src/main.cpp
Invoking: GCC C++ Compiler
g++ -std=c++1y -I"/home/rzi/HSR/module/CPl/workspace/Testat/cute" -O0 -g3 -Wall -c -fmessage-length=0 -Wno-attributes -MMD -MP -MF"src/main.d" -MT"src/main.o" -o "src/main.o" "../src/main.cpp"
Finished building: ../src/main.cpp
 
Building target: Testat
Invoking: GCC C++ Linker
g++  -o "Testat"  ./src/Test.o ./src/calc.o ./src/main.o ./src/pocketcalculator.o ./src/sevensegment.o   
Finished building target: Testat
 
10:01:20 **** Incremental Build of configuration Debug for project Testat ****
make all 
Building file: ../src/main.cpp
Invoking: GCC C++ Compiler
g++ -std=c++1y -I"/home/rzi/HSR/module/CPl/workspace/Testat/cute" -O0 -g3 -Wall -c -fmessage-length=0 -Wno-attributes -MMD -MP -MF"src/main.d" -MT"src/main.o" -o "src/main.o" "../src/main.cpp"
Finished building: ../src/main.cpp
 
Building target: Testat
Invoking: GCC C++ Linker
g++  -o "Testat"  ./src/Test.o ./src/calc.o ./src/main.o ./src/pocketcalculator.o ./src/sevensegment.o   
Finished building target: Testat
 
10:01:32 **** Incremental Build of configuration Debug for project Testat ****
make all 
Building file: ../src/main.cpp
Invoking: GCC C++ Compiler
g++ -std=c++1y -I"/home/rzi/HSR/module/CPl/workspace/Testat/cute" -O0 -g3 -Wall -c -fmessage-length=0 -Wno-attributes -MMD -MP -MF"src/main.d" -MT"src/main.o" -o "src/main.o" "../src/main.cpp"
Finished building: ../src/main.cpp
 
Building target: Testat
Invoking: GCC C++ Linker
g++  -o "Testat"  ./src/Test.o ./src/calc.o ./src/main.o ./src/pocketcalculator.o ./src/sevensegment.o   
Finished building target: Testat
 
10:02:55 **** Incremental Build of configuration Debug for project Testat ****
make all 
Building file: ../src/main.cpp
Invoking: GCC C++ Compiler
g++ -std=c++1y -I"/home/rzi/HSR/module/CPl/workspace/Testat/cute" -O0 -g3 -Wall -c -fmessage-length=0 -Wno-attributes -MMD -MP -MF"src/main.d" -MT"src/main.o" -o "src/main.o" "../src/main.cpp"
Finished building: ../src/main.cpp
 
Building target: Testat
Invoking: GCC C++ Linker
g++  -o "Testat"  ./src/Test.o ./src/calc.o ./src/main.o ./src/pocketcalculator.o ./src/sevensegment.o   
Finished building target: Testat
 
10:04:17 **** Incremental Build of configuration Debug for project Testat ****
make all 
Building file: ../src/calc.cpp
Invoking: GCC C++ Compiler
g++ -std=c++1y -I"/home/rzi/HSR/module/CPl/workspace/Testat/cute" -O0 -g3 -Wall -c -fmessage-length=0 -Wno-attributes -MMD -MP -MF"src/calc.d" -MT"src/calc.o" -o "src/calc.o" "../src/calc.cpp"
../src/calc.cpp: In function ‘int calc(std::istream&, bool&)’:
../src/calc.cpp:42:1: warning: control reaches end of non-void function [-Wreturn-type]
 }
 ^
Finished building: ../src/calc.cpp
 
Building target: Testat
Invoking: GCC C++ Linker
g++  -o "Testat"  ./src/Test.o ./src/calc.o ./src/main.o ./src/pocketcalculator.o ./src/sevensegment.o   
./src/Test.o: In function `testOnePlusFourStream()':
/home/rzi/HSR/module/CPl/workspace/Testat/Debug/../src/Test.cpp:198: undefined reference to `calc(std::istream&)'
./src/Test.o: In function `testOnePlusFourStreamWithSpaces()':
/home/rzi/HSR/module/CPl/workspace/Testat/Debug/../src/Test.cpp:203: undefined reference to `calc(std::istream&)'
./src/Test.o: In function `testIncompleteStream()':
/home/rzi/HSR/module/CPl/workspace/Testat/Debug/../src/Test.cpp:209: undefined reference to `calc(std::istream&)'
./src/Test.o: In function `testOnePlusOne()':
/home/rzi/HSR/module/CPl/workspace/Testat/Debug/../src/Test.cpp:213: undefined reference to `calc(int, int, char)'
./src/Test.o: In function `testFourMinusOne()':
/home/rzi/HSR/module/CPl/workspace/Testat/Debug/../src/Test.cpp:218: undefined reference to `calc(int, int, char)'
./src/Test.o: In function `testOneMinusFour()':
/home/rzi/HSR/module/CPl/workspace/Testat/Debug/../src/Test.cpp:223: undefined reference to `calc(int, int, char)'
./src/Test.o: In function `testSeventeenModTwo()':
/home/rzi/HSR/module/CPl/workspace/Testat/Debug/../src/Test.cpp:228: undefined reference to `calc(int, int, char)'
./src/Test.o: In function `testSeventeenTimesFifteen()':
/home/rzi/HSR/module/CPl/workspace/Testat/Debug/../src/Test.cpp:233: undefined reference to `calc(int, int, char)'
./src/Test.o:/home/rzi/HSR/module/CPl/workspace/Testat/Debug/../src/Test.cpp:238: more undefined references to `calc(int, int, char)' follow
./src/pocketcalculator.o: In function `pocketcalculator(std::istream&, std::ostream&, unsigned int, unsigned int)':
/home/rzi/HSR/module/CPl/workspace/Testat/Debug/../src/pocketcalculator.cpp:11: undefined reference to `calc(std::istream&)'
collect2: error: ld returned 1 exit status
make: *** [makefile:47: Testat] Error 1
10:07:04 **** Incremental Build of configuration Debug for project Testat ****
make all 
Building file: ../src/Test.cpp
Invoking: GCC C++ Compiler
g++ -std=c++1y -I"/home/rzi/HSR/module/CPl/workspace/Testat/cute" -O0 -g3 -Wall -c -fmessage-length=0 -Wno-attributes -MMD -MP -MF"src/Test.d" -MT"src/Test.o" -o "src/Test.o" "../src/Test.cpp"
../src/Test.cpp: In function ‘void testOnePlusFourStream()’:
../src/Test.cpp:198:26: error: no matching function for call to ‘calc(std::istringstream&)’
    auto result = calc(iss);
                          ^
In file included from ../src/Test.cpp:10:0:
../src/calc.h:6:5: note: candidate: int calc(std::istream&, bool&)
 int calc(std::istream& in, bool& error);
     ^~~~
../src/calc.h:6:5: note:   candidate expects 2 arguments, 1 provided
../src/calc.h:8:5: note: candidate: int calc(int, int, char, bool&)
 int calc(int lhs, int rhs, char op, bool& error);
     ^~~~
../src/calc.h:8:5: note:   candidate expects 4 arguments, 1 provided
../src/Test.cpp: In function ‘void testOnePlusFourStreamWithSpaces()’:
../src/Test.cpp:203:26: error: no matching function for call to ‘calc(std::istringstream&)’
    auto result = calc(iss);
                          ^
In file included from ../src/Test.cpp:10:0:
../src/calc.h:6:5: note: candidate: int calc(std::istream&, bool&)
 int calc(std::istream& in, bool& error);
     ^~~~
../src/calc.h:6:5: note:   candidate expects 2 arguments, 1 provided
../src/calc.h:8:5: note: candidate: int calc(int, int, char, bool&)
 int calc(int lhs, int rhs, char op, bool& error);
     ^~~~
../src/calc.h:8:5: note:   candidate expects 4 arguments, 1 provided
In file included from /home/rzi/HSR/module/CPl/workspace/Testat/cute/cute.h:28:0,
                 from ../src/Test.cpp:1:
../src/Test.cpp: In function ‘void testIncompleteStream()’:
../src/Test.cpp:209:26: error: no matching function for call to ‘calc(std::istringstream&)’
    ASSERT_THROWS(calc(iss), std::logic_error);
                          ^
/home/rzi/HSR/module/CPl/workspace/Testat/cute/cute_throws.h:39:6: note: in definition of macro ‘ASSERT_THROWSM’
    { code ; } \
      ^~~~
../src/Test.cpp:209:4: note: in expansion of macro ‘ASSERT_THROWS’
    ASSERT_THROWS(calc(iss), std::logic_error);
    ^~~~~~~~~~~~~
In file included from ../src/Test.cpp:10:0:
../src/calc.h:6:5: note: candidate: int calc(std::istream&, bool&)
 int calc(std::istream& in, bool& error);
     ^~~~
../src/calc.h:6:5: note:   candidate expects 2 arguments, 1 provided
../src/calc.h:8:5: note: candidate: int calc(int, int, char, bool&)
 int calc(int lhs, int rhs, char op, bool& error);
     ^~~~
../src/calc.h:8:5: note:   candidate expects 4 arguments, 1 provided
../src/Test.cpp: In function ‘void testOnePlusOne()’:
../src/Test.cpp:213:30: error: no matching function for call to ‘calc(int, int, char)’
  auto result = calc(1, 1, '+');
                              ^
In file included from ../src/Test.cpp:10:0:
../src/calc.h:6:5: note: candidate: int calc(std::istream&, bool&)
 int calc(std::istream& in, bool& error);
     ^~~~
../src/calc.h:6:5: note:   candidate expects 2 arguments, 3 provided
../src/calc.h:8:5: note: candidate: int calc(int, int, char, bool&)
 int calc(int lhs, int rhs, char op, bool& error);
     ^~~~
../src/calc.h:8:5: note:   candidate expects 4 arguments, 3 provided
../src/Test.cpp: In function ‘void testFourMinusOne()’:
../src/Test.cpp:218:30: error: no matching function for call to ‘calc(int, int, char)’
  auto result = calc(4, 1, '-');
                              ^
In file included from ../src/Test.cpp:10:0:
../src/calc.h:6:5: note: candidate: int calc(std::istream&, bool&)
 int calc(std::istream& in, bool& error);
     ^~~~
../src/calc.h:6:5: note:   candidate expects 2 arguments, 3 provided
../src/calc.h:8:5: note: candidate: int calc(int, int, char, bool&)
 int calc(int lhs, int rhs, char op, bool& error);
     ^~~~
../src/calc.h:8:5: note:   candidate expects 4 arguments, 3 provided
../src/Test.cpp: In function ‘void testOneMinusFour()’:
../src/Test.cpp:223:30: error: no matching function for call to ‘calc(int, int, char)’
  auto result = calc(1, 4, '-');
                              ^
In file included from ../src/Test.cpp:10:0:
../src/calc.h:6:5: note: candidate: int calc(std::istream&, bool&)
 int calc(std::istream& in, bool& error);
     ^~~~
../src/calc.h:6:5: note:   candidate expects 2 arguments, 3 provided
../src/calc.h:8:5: note: candidate: int calc(int, int, char, bool&)
 int calc(int lhs, int rhs, char op, bool& error);
     ^~~~
../src/calc.h:8:5: note:   candidate expects 4 arguments, 3 provided
../src/Test.cpp: In function ‘void testSeventeenModTwo()’:
../src/Test.cpp:228:31: error: no matching function for call to ‘calc(int, int, char)’
  auto result = calc(17, 2, '%');
                               ^
In file included from ../src/Test.cpp:10:0:
../src/calc.h:6:5: note: candidate: int calc(std::istream&, bool&)
 int calc(std::istream& in, bool& error);
     ^~~~
../src/calc.h:6:5: note:   candidate expects 2 arguments, 3 provided
../src/calc.h:8:5: note: candidate: int calc(int, int, char, bool&)
 int calc(int lhs, int rhs, char op, bool& error);
     ^~~~
../src/calc.h:8:5: note:   candidate expects 4 arguments, 3 provided
../src/Test.cpp: In function ‘void testSeventeenTimesFifteen()’:
../src/Test.cpp:233:32: error: no matching function for call to ‘calc(int, int, char)’
  auto result = calc(17, 15, '*');
                                ^
In file included from ../src/Test.cpp:10:0:
../src/calc.h:6:5: note: candidate: int calc(std::istream&, bool&)
 int calc(std::istream& in, bool& error);
     ^~~~
../src/calc.h:6:5: note:   candidate expects 2 arguments, 3 provided
../src/calc.h:8:5: note: candidate: int calc(int, int, char, bool&)
 int calc(int lhs, int rhs, char op, bool& error);
     ^~~~
../src/calc.h:8:5: note:   candidate expects 4 arguments, 3 provided
../src/Test.cpp: In function ‘void testSeventeenDividedByFifteen()’:
../src/Test.cpp:238:32: error: no matching function for call to ‘calc(int, int, char)’
  auto result = calc(17, 15, '/');
                                ^
In file included from ../src/Test.cpp:10:0:
../src/calc.h:6:5: note: candidate: int calc(std::istream&, bool&)
 int calc(std::istream& in, bool& error);
     ^~~~
../src/calc.h:6:5: note:   candidate expects 2 arguments, 3 provided
../src/calc.h:8:5: note: candidate: int calc(int, int, char, bool&)
 int calc(int lhs, int rhs, char op, bool& error);
     ^~~~
../src/calc.h:8:5: note:   candidate expects 4 arguments, 3 provided
In file included from /home/rzi/HSR/module/CPl/workspace/Testat/cute/cute.h:28:0,
                 from ../src/Test.cpp:1:
../src/Test.cpp: In function ‘void testInvalidOperator()’:
../src/Test.cpp:243:32: error: no matching function for call to ‘calc(int, int, char)’
  ASSERT_THROWS(calc(17, 15, '&'), std::logic_error);
                                ^
/home/rzi/HSR/module/CPl/workspace/Testat/cute/cute_throws.h:39:6: note: in definition of macro ‘ASSERT_THROWSM’
    { code ; } \
      ^~~~
../src/Test.cpp:243:2: note: in expansion of macro ‘ASSERT_THROWS’
  ASSERT_THROWS(calc(17, 15, '&'), std::logic_error);
  ^~~~~~~~~~~~~
In file included from ../src/Test.cpp:10:0:
../src/calc.h:6:5: note: candidate: int calc(std::istream&, bool&)
 int calc(std::istream& in, bool& error);
     ^~~~
../src/calc.h:6:5: note:   candidate expects 2 arguments, 3 provided
../src/calc.h:8:5: note: candidate: int calc(int, int, char, bool&)
 int calc(int lhs, int rhs, char op, bool& error);
     ^~~~
../src/calc.h:8:5: note:   candidate expects 4 arguments, 3 provided
../src/Test.cpp: In function ‘void testDivisionByZero()’:
../src/Test.cpp:247:31: error: no matching function for call to ‘calc(int, int, char)’
  auto result = calc(42, 0, '/');
                               ^
In file included from ../src/Test.cpp:10:0:
../src/calc.h:6:5: note: candidate: int calc(std::istream&, bool&)
 int calc(std::istream& in, bool& error);
     ^~~~
../src/calc.h:6:5: note:   candidate expects 2 arguments, 3 provided
../src/calc.h:8:5: note: candidate: int calc(int, int, char, bool&)
 int calc(int lhs, int rhs, char op, bool& error);
     ^~~~
../src/calc.h:8:5: note:   candidate expects 4 arguments, 3 provided
../src/Test.cpp: In function ‘void testModuleZero()’:
../src/Test.cpp:252:31: error: no matching function for call to ‘calc(int, int, char)’
  auto result = calc(42, 0, '%');
                               ^
In file included from ../src/Test.cpp:10:0:
../src/calc.h:6:5: note: candidate: int calc(std::istream&, bool&)
 int calc(std::istream& in, bool& error);
     ^~~~
../src/calc.h:6:5: note:   candidate expects 2 arguments, 3 provided
../src/calc.h:8:5: note: candidate: int calc(int, int, char, bool&)
 int calc(int lhs, int rhs, char op, bool& error);
     ^~~~
../src/calc.h:8:5: note:   candidate expects 4 arguments, 3 provided
make: *** [src/subdir.mk:32: src/Test.o] Error 1
10:08:14 **** Incremental Build of configuration Debug for project Testat ****
make all 
Building file: ../src/Test.cpp
Invoking: GCC C++ Compiler
g++ -std=c++1y -I"/home/rzi/HSR/module/CPl/workspace/Testat/cute" -O0 -g3 -Wall -c -fmessage-length=0 -Wno-attributes -MMD -MP -MF"src/Test.d" -MT"src/Test.o" -o "src/Test.o" "../src/Test.cpp"
../src/Test.cpp: In function ‘void testOnePlusFourStreamWithSpaces()’:
../src/Test.cpp:205:26: error: no matching function for call to ‘calc(std::istringstream&)’
    auto result = calc(iss);
                          ^
In file included from ../src/Test.cpp:10:0:
../src/calc.h:6:5: note: candidate: int calc(std::istream&, bool&)
 int calc(std::istream& in, bool& error);
     ^~~~
../src/calc.h:6:5: note:   candidate expects 2 arguments, 1 provided
../src/calc.h:8:5: note: candidate: int calc(int, int, char, bool&)
 int calc(int lhs, int rhs, char op, bool& error);
     ^~~~
../src/calc.h:8:5: note:   candidate expects 4 arguments, 1 provided
In file included from /home/rzi/HSR/module/CPl/workspace/Testat/cute/cute.h:28:0,
                 from ../src/Test.cpp:1:
../src/Test.cpp: In function ‘void testIncompleteStream()’:
../src/Test.cpp:211:26: error: no matching function for call to ‘calc(std::istringstream&)’
    ASSERT_THROWS(calc(iss), std::logic_error);
                          ^
/home/rzi/HSR/module/CPl/workspace/Testat/cute/cute_throws.h:39:6: note: in definition of macro ‘ASSERT_THROWSM’
    { code ; } \
      ^~~~
../src/Test.cpp:211:4: note: in expansion of macro ‘ASSERT_THROWS’
    ASSERT_THROWS(calc(iss), std::logic_error);
    ^~~~~~~~~~~~~
In file included from ../src/Test.cpp:10:0:
../src/calc.h:6:5: note: candidate: int calc(std::istream&, bool&)
 int calc(std::istream& in, bool& error);
     ^~~~
../src/calc.h:6:5: note:   candidate expects 2 arguments, 1 provided
../src/calc.h:8:5: note: candidate: int calc(int, int, char, bool&)
 int calc(int lhs, int rhs, char op, bool& error);
     ^~~~
../src/calc.h:8:5: note:   candidate expects 4 arguments, 1 provided
../src/Test.cpp: In function ‘void testOnePlusOne()’:
../src/Test.cpp:215:30: error: no matching function for call to ‘calc(int, int, char)’
  auto result = calc(1, 1, '+');
                              ^
In file included from ../src/Test.cpp:10:0:
../src/calc.h:6:5: note: candidate: int calc(std::istream&, bool&)
 int calc(std::istream& in, bool& error);
     ^~~~
../src/calc.h:6:5: note:   candidate expects 2 arguments, 3 provided
../src/calc.h:8:5: note: candidate: int calc(int, int, char, bool&)
 int calc(int lhs, int rhs, char op, bool& error);
     ^~~~
../src/calc.h:8:5: note:   candidate expects 4 arguments, 3 provided
../src/Test.cpp: In function ‘void testFourMinusOne()’:
../src/Test.cpp:220:30: error: no matching function for call to ‘calc(int, int, char)’
  auto result = calc(4, 1, '-');
                              ^
In file included from ../src/Test.cpp:10:0:
../src/calc.h:6:5: note: candidate: int calc(std::istream&, bool&)
 int calc(std::istream& in, bool& error);
     ^~~~
../src/calc.h:6:5: note:   candidate expects 2 arguments, 3 provided
../src/calc.h:8:5: note: candidate: int calc(int, int, char, bool&)
 int calc(int lhs, int rhs, char op, bool& error);
     ^~~~
../src/calc.h:8:5: note:   candidate expects 4 arguments, 3 provided
../src/Test.cpp: In function ‘void testOneMinusFour()’:
../src/Test.cpp:225:30: error: no matching function for call to ‘calc(int, int, char)’
  auto result = calc(1, 4, '-');
                              ^
In file included from ../src/Test.cpp:10:0:
../src/calc.h:6:5: note: candidate: int calc(std::istream&, bool&)
 int calc(std::istream& in, bool& error);
     ^~~~
../src/calc.h:6:5: note:   candidate expects 2 arguments, 3 provided
../src/calc.h:8:5: note: candidate: int calc(int, int, char, bool&)
 int calc(int lhs, int rhs, char op, bool& error);
     ^~~~
../src/calc.h:8:5: note:   candidate expects 4 arguments, 3 provided
../src/Test.cpp: In function ‘void testSeventeenModTwo()’:
../src/Test.cpp:230:31: error: no matching function for call to ‘calc(int, int, char)’
  auto result = calc(17, 2, '%');
                               ^
In file included from ../src/Test.cpp:10:0:
../src/calc.h:6:5: note: candidate: int calc(std::istream&, bool&)
 int calc(std::istream& in, bool& error);
     ^~~~
../src/calc.h:6:5: note:   candidate expects 2 arguments, 3 provided
../src/calc.h:8:5: note: candidate: int calc(int, int, char, bool&)
 int calc(int lhs, int rhs, char op, bool& error);
     ^~~~
../src/calc.h:8:5: note:   candidate expects 4 arguments, 3 provided
../src/Test.cpp: In function ‘void testSeventeenTimesFifteen()’:
../src/Test.cpp:235:32: error: no matching function for call to ‘calc(int, int, char)’
  auto result = calc(17, 15, '*');
                                ^
In file included from ../src/Test.cpp:10:0:
../src/calc.h:6:5: note: candidate: int calc(std::istream&, bool&)
 int calc(std::istream& in, bool& error);
     ^~~~
../src/calc.h:6:5: note:   candidate expects 2 arguments, 3 provided
../src/calc.h:8:5: note: candidate: int calc(int, int, char, bool&)
 int calc(int lhs, int rhs, char op, bool& error);
     ^~~~
../src/calc.h:8:5: note:   candidate expects 4 arguments, 3 provided
../src/Test.cpp: In function ‘void testSeventeenDividedByFifteen()’:
../src/Test.cpp:240:32: error: no matching function for call to ‘calc(int, int, char)’
  auto result = calc(17, 15, '/');
                                ^
In file included from ../src/Test.cpp:10:0:
../src/calc.h:6:5: note: candidate: int calc(std::istream&, bool&)
 int calc(std::istream& in, bool& error);
     ^~~~
../src/calc.h:6:5: note:   candidate expects 2 arguments, 3 provided
../src/calc.h:8:5: note: candidate: int calc(int, int, char, bool&)
 int calc(int lhs, int rhs, char op, bool& error);
     ^~~~
../src/calc.h:8:5: note:   candidate expects 4 arguments, 3 provided
In file included from /home/rzi/HSR/module/CPl/workspace/Testat/cute/cute.h:28:0,
                 from ../src/Test.cpp:1:
../src/Test.cpp: In function ‘void testInvalidOperator()’:
../src/Test.cpp:245:32: error: no matching function for call to ‘calc(int, int, char)’
  ASSERT_THROWS(calc(17, 15, '&'), std::logic_error);
                                ^
/home/rzi/HSR/module/CPl/workspace/Testat/cute/cute_throws.h:39:6: note: in definition of macro ‘ASSERT_THROWSM’
    { code ; } \
      ^~~~
../src/Test.cpp:245:2: note: in expansion of macro ‘ASSERT_THROWS’
  ASSERT_THROWS(calc(17, 15, '&'), std::logic_error);
  ^~~~~~~~~~~~~
In file included from ../src/Test.cpp:10:0:
../src/calc.h:6:5: note: candidate: int calc(std::istream&, bool&)
 int calc(std::istream& in, bool& error);
     ^~~~
../src/calc.h:6:5: note:   candidate expects 2 arguments, 3 provided
../src/calc.h:8:5: note: candidate: int calc(int, int, char, bool&)
 int calc(int lhs, int rhs, char op, bool& error);
     ^~~~
../src/calc.h:8:5: note:   candidate expects 4 arguments, 3 provided
../src/Test.cpp: In function ‘void testDivisionByZero()’:
../src/Test.cpp:249:31: error: no matching function for call to ‘calc(int, int, char)’
  auto result = calc(42, 0, '/');
                               ^
In file included from ../src/Test.cpp:10:0:
../src/calc.h:6:5: note: candidate: int calc(std::istream&, bool&)
 int calc(std::istream& in, bool& error);
     ^~~~
../src/calc.h:6:5: note:   candidate expects 2 arguments, 3 provided
../src/calc.h:8:5: note: candidate: int calc(int, int, char, bool&)
 int calc(int lhs, int rhs, char op, bool& error);
     ^~~~
../src/calc.h:8:5: note:   candidate expects 4 arguments, 3 provided
../src/Test.cpp: In function ‘void testModuleZero()’:
../src/Test.cpp:254:31: error: no matching function for call to ‘calc(int, int, char)’
  auto result = calc(42, 0, '%');
                               ^
In file included from ../src/Test.cpp:10:0:
../src/calc.h:6:5: note: candidate: int calc(std::istream&, bool&)
 int calc(std::istream& in, bool& error);
     ^~~~
../src/calc.h:6:5: note:   candidate expects 2 arguments, 3 provided
../src/calc.h:8:5: note: candidate: int calc(int, int, char, bool&)
 int calc(int lhs, int rhs, char op, bool& error);
     ^~~~
../src/calc.h:8:5: note:   candidate expects 4 arguments, 3 provided
make: *** [src/subdir.mk:32: src/Test.o] Error 1
10:10:13 **** Incremental Build of configuration Debug for project Testat ****
make all 
Building file: ../src/Test.cpp
Invoking: GCC C++ Compiler
g++ -std=c++1y -I"/home/rzi/HSR/module/CPl/workspace/Testat/cute" -O0 -g3 -Wall -c -fmessage-length=0 -Wno-attributes -MMD -MP -MF"src/Test.d" -MT"src/Test.o" -o "src/Test.o" "../src/Test.cpp"
../src/Test.cpp: In function ‘void testSeventeenTimesFifteen()’:
../src/Test.cpp:248:32: error: no matching function for call to ‘calc(int, int, char)’
  auto result = calc(17, 15, '*');
                                ^
In file included from ../src/Test.cpp:10:0:
../src/calc.h:6:5: note: candidate: int calc(std::istream&, bool&)
 int calc(std::istream& in, bool& error);
     ^~~~
../src/calc.h:6:5: note:   candidate expects 2 arguments, 3 provided
../src/calc.h:8:5: note: candidate: int calc(int, int, char, bool&)
 int calc(int lhs, int rhs, char op, bool& error);
     ^~~~
../src/calc.h:8:5: note:   candidate expects 4 arguments, 3 provided
In file included from /home/rzi/HSR/module/CPl/workspace/Testat/cute/cute.h:25:0,
                 from ../src/Test.cpp:1:
../src/Test.cpp:250:15: error: ‘error’ was not declared in this scope
  ASSERT_EQUAL(error, false);
               ^
/home/rzi/HSR/module/CPl/workspace/Testat/cute/cute_equals.h:214:64: note: in definition of macro ‘ASSERT_EQUALM’
 #define ASSERT_EQUALM(msg,expected,actual) cute::assert_equal((expected),(actual),\
                                                                ^~~~~~~~
../src/Test.cpp:250:2: note: in expansion of macro ‘ASSERT_EQUAL’
  ASSERT_EQUAL(error, false);
  ^~~~~~~~~~~~
../src/Test.cpp: In function ‘void testSeventeenDividedByFifteen()’:
../src/Test.cpp:254:32: error: no matching function for call to ‘calc(int, int, char)’
  auto result = calc(17, 15, '/');
                                ^
In file included from ../src/Test.cpp:10:0:
../src/calc.h:6:5: note: candidate: int calc(std::istream&, bool&)
 int calc(std::istream& in, bool& error);
     ^~~~
../src/calc.h:6:5: note:   candidate expects 2 arguments, 3 provided
../src/calc.h:8:5: note: candidate: int calc(int, int, char, bool&)
 int calc(int lhs, int rhs, char op, bool& error);
     ^~~~
../src/calc.h:8:5: note:   candidate expects 4 arguments, 3 provided
In file included from /home/rzi/HSR/module/CPl/workspace/Testat/cute/cute.h:25:0,
                 from ../src/Test.cpp:1:
../src/Test.cpp:256:15: error: ‘error’ was not declared in this scope
  ASSERT_EQUAL(error, false);
               ^
/home/rzi/HSR/module/CPl/workspace/Testat/cute/cute_equals.h:214:64: note: in definition of macro ‘ASSERT_EQUALM’
 #define ASSERT_EQUALM(msg,expected,actual) cute::assert_equal((expected),(actual),\
                                                                ^~~~~~~~
../src/Test.cpp:256:2: note: in expansion of macro ‘ASSERT_EQUAL’
  ASSERT_EQUAL(error, false);
  ^~~~~~~~~~~~
In file included from /home/rzi/HSR/module/CPl/workspace/Testat/cute/cute.h:28:0,
                 from ../src/Test.cpp:1:
../src/Test.cpp: In function ‘void testInvalidOperator()’:
../src/Test.cpp:260:32: error: no matching function for call to ‘calc(int, int, char)’
  ASSERT_THROWS(calc(17, 15, '&'), std::logic_error);
                                ^
/home/rzi/HSR/module/CPl/workspace/Testat/cute/cute_throws.h:39:6: note: in definition of macro ‘ASSERT_THROWSM’
    { code ; } \
      ^~~~
../src/Test.cpp:260:2: note: in expansion of macro ‘ASSERT_THROWS’
  ASSERT_THROWS(calc(17, 15, '&'), std::logic_error);
  ^~~~~~~~~~~~~
In file included from ../src/Test.cpp:10:0:
../src/calc.h:6:5: note: candidate: int calc(std::istream&, bool&)
 int calc(std::istream& in, bool& error);
     ^~~~
../src/calc.h:6:5: note:   candidate expects 2 arguments, 3 provided
../src/calc.h:8:5: note: candidate: int calc(int, int, char, bool&)
 int calc(int lhs, int rhs, char op, bool& error);
     ^~~~
../src/calc.h:8:5: note:   candidate expects 4 arguments, 3 provided
../src/Test.cpp: In function ‘void testDivisionByZero()’:
../src/Test.cpp:264:31: error: no matching function for call to ‘calc(int, int, char)’
  auto result = calc(42, 0, '/');
                               ^
In file included from ../src/Test.cpp:10:0:
../src/calc.h:6:5: note: candidate: int calc(std::istream&, bool&)
 int calc(std::istream& in, bool& error);
     ^~~~
../src/calc.h:6:5: note:   candidate expects 2 arguments, 3 provided
../src/calc.h:8:5: note: candidate: int calc(int, int, char, bool&)
 int calc(int lhs, int rhs, char op, bool& error);
     ^~~~
../src/calc.h:8:5: note:   candidate expects 4 arguments, 3 provided
../src/Test.cpp: In function ‘void testModuleZero()’:
../src/Test.cpp:269:31: error: no matching function for call to ‘calc(int, int, char)’
  auto result = calc(42, 0, '%');
                               ^
In file included from ../src/Test.cpp:10:0:
../src/calc.h:6:5: note: candidate: int calc(std::istream&, bool&)
 int calc(std::istream& in, bool& error);
     ^~~~
../src/calc.h:6:5: note:   candidate expects 2 arguments, 3 provided
../src/calc.h:8:5: note: candidate: int calc(int, int, char, bool&)
 int calc(int lhs, int rhs, char op, bool& error);
     ^~~~
../src/calc.h:8:5: note:   candidate expects 4 arguments, 3 provided
make: *** [src/subdir.mk:32: src/Test.o] Error 1
10:10:27 **** Incremental Build of configuration Debug for project Testat ****
make all 
Building file: ../src/Test.cpp
Invoking: GCC C++ Compiler
g++ -std=c++1y -I"/home/rzi/HSR/module/CPl/workspace/Testat/cute" -O0 -g3 -Wall -c -fmessage-length=0 -Wno-attributes -MMD -MP -MF"src/Test.d" -MT"src/Test.o" -o "src/Test.o" "../src/Test.cpp"
In file included from /home/rzi/HSR/module/CPl/workspace/Testat/cute/cute.h:28:0,
                 from ../src/Test.cpp:1:
../src/Test.cpp: In function ‘void testInvalidOperator()’:
../src/Test.cpp:262:32: error: no matching function for call to ‘calc(int, int, char)’
  ASSERT_THROWS(calc(17, 15, '&'), std::logic_error);
                                ^
/home/rzi/HSR/module/CPl/workspace/Testat/cute/cute_throws.h:39:6: note: in definition of macro ‘ASSERT_THROWSM’
    { code ; } \
      ^~~~
../src/Test.cpp:262:2: note: in expansion of macro ‘ASSERT_THROWS’
  ASSERT_THROWS(calc(17, 15, '&'), std::logic_error);
  ^~~~~~~~~~~~~
In file included from ../src/Test.cpp:10:0:
../src/calc.h:6:5: note: candidate: int calc(std::istream&, bool&)
 int calc(std::istream& in, bool& error);
     ^~~~
../src/calc.h:6:5: note:   candidate expects 2 arguments, 3 provided
../src/calc.h:8:5: note: candidate: int calc(int, int, char, bool&)
 int calc(int lhs, int rhs, char op, bool& error);
     ^~~~
../src/calc.h:8:5: note:   candidate expects 4 arguments, 3 provided
../src/Test.cpp: In function ‘void testDivisionByZero()’:
../src/Test.cpp:266:31: error: no matching function for call to ‘calc(int, int, char)’
  auto result = calc(42, 0, '/');
                               ^
In file included from ../src/Test.cpp:10:0:
../src/calc.h:6:5: note: candidate: int calc(std::istream&, bool&)
 int calc(std::istream& in, bool& error);
     ^~~~
../src/calc.h:6:5: note:   candidate expects 2 arguments, 3 provided
../src/calc.h:8:5: note: candidate: int calc(int, int, char, bool&)
 int calc(int lhs, int rhs, char op, bool& error);
     ^~~~
../src/calc.h:8:5: note:   candidate expects 4 arguments, 3 provided
../src/Test.cpp: In function ‘void testModuleZero()’:
../src/Test.cpp:271:31: error: no matching function for call to ‘calc(int, int, char)’
  auto result = calc(42, 0, '%');
                               ^
In file included from ../src/Test.cpp:10:0:
../src/calc.h:6:5: note: candidate: int calc(std::istream&, bool&)
 int calc(std::istream& in, bool& error);
     ^~~~
../src/calc.h:6:5: note:   candidate expects 2 arguments, 3 provided
../src/calc.h:8:5: note: candidate: int calc(int, int, char, bool&)
 int calc(int lhs, int rhs, char op, bool& error);
     ^~~~
../src/calc.h:8:5: note:   candidate expects 4 arguments, 3 provided
make: *** [src/subdir.mk:32: src/Test.o] Error 1
10:11:28 **** Incremental Build of configuration Debug for project Testat ****
make all 
Building file: ../src/Test.cpp
Invoking: GCC C++ Compiler
g++ -std=c++1y -I"/home/rzi/HSR/module/CPl/workspace/Testat/cute" -O0 -g3 -Wall -c -fmessage-length=0 -Wno-attributes -MMD -MP -MF"src/Test.d" -MT"src/Test.o" -o "src/Test.o" "../src/Test.cpp"
In file included from /home/rzi/HSR/module/CPl/workspace/Testat/cute/cute.h:28:0,
                 from ../src/Test.cpp:1:
../src/Test.cpp: In function ‘void testInvalidOperator()’:
../src/Test.cpp:261:32: error: no matching function for call to ‘calc(int, int, char)’
  ASSERT_THROWS(calc(17, 15, '&'), std::logic_error);
                                ^
/home/rzi/HSR/module/CPl/workspace/Testat/cute/cute_throws.h:39:6: note: in definition of macro ‘ASSERT_THROWSM’
    { code ; } \
      ^~~~
../src/Test.cpp:261:2: note: in expansion of macro ‘ASSERT_THROWS’
  ASSERT_THROWS(calc(17, 15, '&'), std::logic_error);
  ^~~~~~~~~~~~~
In file included from ../src/Test.cpp:9:0:
../src/calc.h:6:5: note: candidate: int calc(std::istream&, bool&)
 int calc(std::istream& in, bool& error);
     ^~~~
../src/calc.h:6:5: note:   candidate expects 2 arguments, 3 provided
../src/calc.h:8:5: note: candidate: int calc(int, int, char, bool&)
 int calc(int lhs, int rhs, char op, bool& error);
     ^~~~
../src/calc.h:8:5: note:   candidate expects 4 arguments, 3 provided
../src/Test.cpp: In function ‘void testDivisionByZero()’:
../src/Test.cpp:265:31: error: no matching function for call to ‘calc(int, int, char)’
  auto result = calc(42, 0, '/');
                               ^
In file included from ../src/Test.cpp:9:0:
../src/calc.h:6:5: note: candidate: int calc(std::istream&, bool&)
 int calc(std::istream& in, bool& error);
     ^~~~
../src/calc.h:6:5: note:   candidate expects 2 arguments, 3 provided
../src/calc.h:8:5: note: candidate: int calc(int, int, char, bool&)
 int calc(int lhs, int rhs, char op, bool& error);
     ^~~~
../src/calc.h:8:5: note:   candidate expects 4 arguments, 3 provided
../src/Test.cpp: In function ‘void testModuleZero()’:
../src/Test.cpp:270:31: error: no matching function for call to ‘calc(int, int, char)’
  auto result = calc(42, 0, '%');
                               ^
In file included from ../src/Test.cpp:9:0:
../src/calc.h:6:5: note: candidate: int calc(std::istream&, bool&)
 int calc(std::istream& in, bool& error);
     ^~~~
../src/calc.h:6:5: note:   candidate expects 2 arguments, 3 provided
../src/calc.h:8:5: note: candidate: int calc(int, int, char, bool&)
 int calc(int lhs, int rhs, char op, bool& error);
     ^~~~
../src/calc.h:8:5: note:   candidate expects 4 arguments, 3 provided
make: *** [src/subdir.mk:32: src/Test.o] Error 1
10:14:10 **** Incremental Build of configuration Debug for project Testat ****
make all 
Building file: ../src/Test.cpp
Invoking: GCC C++ Compiler
g++ -std=c++1y -I"/home/rzi/HSR/module/CPl/workspace/Testat/cute" -O0 -g3 -Wall -c -fmessage-length=0 -Wno-attributes -MMD -MP -MF"src/Test.d" -MT"src/Test.o" -o "src/Test.o" "../src/Test.cpp"
Finished building: ../src/Test.cpp
 
Building file: ../src/calc.cpp
Invoking: GCC C++ Compiler
g++ -std=c++1y -I"/home/rzi/HSR/module/CPl/workspace/Testat/cute" -O0 -g3 -Wall -c -fmessage-length=0 -Wno-attributes -MMD -MP -MF"src/calc.d" -MT"src/calc.o" -o "src/calc.o" "../src/calc.cpp"
../src/calc.cpp: In function ‘int calcStream(std::istream&, bool&)’:
../src/calc.cpp:40:1: warning: control reaches end of non-void function [-Wreturn-type]
 }
 ^
Finished building: ../src/calc.cpp
 
Building file: ../src/pocketcalculator.cpp
Invoking: GCC C++ Compiler
g++ -std=c++1y -I"/home/rzi/HSR/module/CPl/workspace/Testat/cute" -O0 -g3 -Wall -c -fmessage-length=0 -Wno-attributes -MMD -MP -MF"src/pocketcalculator.d" -MT"src/pocketcalculator.o" -o "src/pocketcalculator.o" "../src/pocketcalculator.cpp"
Finished building: ../src/pocketcalculator.cpp
 
Building target: Testat
Invoking: GCC C++ Linker
g++  -o "Testat"  ./src/Test.o ./src/calc.o ./src/main.o ./src/pocketcalculator.o ./src/sevensegment.o   
Finished building target: Testat
 
10:14:51 **** Incremental Build of configuration Debug for project Testat ****
make all 
Building file: ../src/Test.cpp
Invoking: GCC C++ Compiler
g++ -std=c++1y -I"/home/rzi/HSR/module/CPl/workspace/Testat/cute" -O0 -g3 -Wall -c -fmessage-length=0 -Wno-attributes -MMD -MP -MF"src/Test.d" -MT"src/Test.o" -o "src/Test.o" "../src/Test.cpp"
../src/Test.cpp: In function ‘void testOnePlusFourStream()’:
../src/Test.cpp:198:39: error: ‘calcStream’ was not declared in this scope
    auto result = calcStream(iss, error);
                                       ^
../src/Test.cpp: In function ‘void testOnePlusFourStreamWithSpaces()’:
../src/Test.cpp:205:39: error: ‘calcStream’ was not declared in this scope
    auto result = calcStream(iss, error);
                                       ^
../src/Test.cpp: In function ‘void testIncompleteStream()’:
../src/Test.cpp:213:39: error: ‘calcStream’ was not declared in this scope
    auto result = calcStream(iss, error);
                                       ^
make: *** [src/subdir.mk:32: src/Test.o] Error 1
10:15:04 **** Incremental Build of configuration Debug for project Testat ****
make all 
Building file: ../src/Test.cpp
Invoking: GCC C++ Compiler
g++ -std=c++1y -I"/home/rzi/HSR/module/CPl/workspace/Testat/cute" -O0 -g3 -Wall -c -fmessage-length=0 -Wno-attributes -MMD -MP -MF"src/Test.d" -MT"src/Test.o" -o "src/Test.o" "../src/Test.cpp"
Finished building: ../src/Test.cpp
 
Building file: ../src/calc.cpp
Invoking: GCC C++ Compiler
g++ -std=c++1y -I"/home/rzi/HSR/module/CPl/workspace/Testat/cute" -O0 -g3 -Wall -c -fmessage-length=0 -Wno-attributes -MMD -MP -MF"src/calc.d" -MT"src/calc.o" -o "src/calc.o" "../src/calc.cpp"
Finished building: ../src/calc.cpp
 
Building file: ../src/pocketcalculator.cpp
Invoking: GCC C++ Compiler
g++ -std=c++1y -I"/home/rzi/HSR/module/CPl/workspace/Testat/cute" -O0 -g3 -Wall -c -fmessage-length=0 -Wno-attributes -MMD -MP -MF"src/pocketcalculator.d" -MT"src/pocketcalculator.o" -o "src/pocketcalculator.o" "../src/pocketcalculator.cpp"
../src/pocketcalculator.cpp: In function ‘void pocketcalculator(std::istream&, std::ostream&, unsigned int, unsigned int)’:
../src/pocketcalculator.cpp:11:36: error: ‘calcStream’ was not declared in this scope
   int result = calcStream(in, error);
                                    ^
make: *** [src/subdir.mk:32: src/pocketcalculator.o] Error 1
10:15:18 **** Incremental Build of configuration Debug for project Testat ****
make all 
Building file: ../src/pocketcalculator.cpp
Invoking: GCC C++ Compiler
g++ -std=c++1y -I"/home/rzi/HSR/module/CPl/workspace/Testat/cute" -O0 -g3 -Wall -c -fmessage-length=0 -Wno-attributes -MMD -MP -MF"src/pocketcalculator.d" -MT"src/pocketcalculator.o" -o "src/pocketcalculator.o" "../src/pocketcalculator.cpp"
Finished building: ../src/pocketcalculator.cpp
 
Building target: Testat
Invoking: GCC C++ Linker
g++  -o "Testat"  ./src/Test.o ./src/calc.o ./src/main.o ./src/pocketcalculator.o ./src/sevensegment.o   
Finished building target: Testat
 
10:15:21 **** Incremental Build of configuration Debug for project Testat ****
make all 
make: Nothing to be done for 'all'.
10:15:39 **** Incremental Build of configuration Debug for project Testat ****
make all 
Building file: ../src/Test.cpp
Invoking: GCC C++ Compiler
g++ -std=c++1y -I"/home/rzi/HSR/module/CPl/workspace/Testat/cute" -O0 -g3 -Wall -c -fmessage-length=0 -Wno-attributes -MMD -MP -MF"src/Test.d" -MT"src/Test.o" -o "src/Test.o" "../src/Test.cpp"
Finished building: ../src/Test.cpp
 
Building file: ../src/main.cpp
Invoking: GCC C++ Compiler
g++ -std=c++1y -I"/home/rzi/HSR/module/CPl/workspace/Testat/cute" -O0 -g3 -Wall -c -fmessage-length=0 -Wno-attributes -MMD -MP -MF"src/main.d" -MT"src/main.o" -o "src/main.o" "../src/main.cpp"
Finished building: ../src/main.cpp
 
Building target: Testat
Invoking: GCC C++ Linker
g++  -o "Testat"  ./src/Test.o ./src/calc.o ./src/main.o ./src/pocketcalculator.o ./src/sevensegment.o   
Finished building target: Testat
 
10:15:43 **** Incremental Build of configuration Debug for project Testat ****
make all 
make: Nothing to be done for 'all'.
10:15:49 **** Incremental Build of configuration Debug for project Testat ****
make all 
make: Nothing to be done for 'all'.
10:16:54 **** Incremental Build of configuration Debug for project Testat ****
make all 
Building file: ../src/calc.cpp
Invoking: GCC C++ Compiler
g++ -std=c++1y -I"/home/rzi/HSR/module/CPl/workspace/Testat/cute" -O0 -g3 -Wall -c -fmessage-length=0 -Wno-attributes -MMD -MP -MF"src/calc.d" -MT"src/calc.o" -o "src/calc.o" "../src/calc.cpp"
Finished building: ../src/calc.cpp
 
Building target: Testat
Invoking: GCC C++ Linker
g++  -o "Testat"  ./src/Test.o ./src/calc.o ./src/main.o ./src/pocketcalculator.o ./src/sevensegment.o   
Finished building target: Testat
 
10:19:55 **** Incremental Build of configuration Debug for project Testat ****
make all 
Building file: ../src/Test.cpp
Invoking: GCC C++ Compiler
g++ -std=c++1y -I"/home/rzi/HSR/module/CPl/workspace/Testat/cute" -O0 -g3 -Wall -c -fmessage-length=0 -Wno-attributes -MMD -MP -MF"src/Test.d" -MT"src/Test.o" -o "src/Test.o" "../src/Test.cpp"
Finished building: ../src/Test.cpp
 
Building target: Testat
Invoking: GCC C++ Linker
g++  -o "Testat"  ./src/Test.o ./src/calc.o ./src/main.o ./src/pocketcalculator.o ./src/sevensegment.o   
Finished building target: Testat
 
10:21:25 **** Incremental Build of configuration Debug for project Testat ****
make all 
Building file: ../src/Test.cpp
Invoking: GCC C++ Compiler
g++ -std=c++1y -I"/home/rzi/HSR/module/CPl/workspace/Testat/cute" -O0 -g3 -Wall -c -fmessage-length=0 -Wno-attributes -MMD -MP -MF"src/Test.d" -MT"src/Test.o" -o "src/Test.o" "../src/Test.cpp"
Finished building: ../src/Test.cpp
 
Building target: Testat
Invoking: GCC C++ Linker
g++  -o "Testat"  ./src/Test.o ./src/calc.o ./src/main.o ./src/pocketcalculator.o ./src/sevensegment.o   
Finished building target: Testat
 
10:21:30 **** Incremental Build of configuration Debug for project Testat ****
make all 
Building file: ../src/Test.cpp
Invoking: GCC C++ Compiler
g++ -std=c++1y -I"/home/rzi/HSR/module/CPl/workspace/Testat/cute" -O0 -g3 -Wall -c -fmessage-length=0 -Wno-attributes -MMD -MP -MF"src/Test.d" -MT"src/Test.o" -o "src/Test.o" "../src/Test.cpp"
Finished building: ../src/Test.cpp
 
Building target: Testat
Invoking: GCC C++ Linker
g++  -o "Testat"  ./src/Test.o ./src/calc.o ./src/main.o ./src/pocketcalculator.o ./src/sevensegment.o   
Finished building target: Testat
 
10:23:10 **** Incremental Build of configuration Debug for project Testat ****
make all 
Building file: ../src/Test.cpp
Invoking: GCC C++ Compiler
g++ -std=c++1y -I"/home/rzi/HSR/module/CPl/workspace/Testat/cute" -O0 -g3 -Wall -c -fmessage-length=0 -Wno-attributes -MMD -MP -MF"src/Test.d" -MT"src/Test.o" -o "src/Test.o" "../src/Test.cpp"
Finished building: ../src/Test.cpp
 
Building file: ../src/pocketcalculator.cpp
Invoking: GCC C++ Compiler
g++ -std=c++1y -I"/home/rzi/HSR/module/CPl/workspace/Testat/cute" -O0 -g3 -Wall -c -fmessage-length=0 -Wno-attributes -MMD -MP -MF"src/pocketcalculator.d" -MT"src/pocketcalculator.o" -o "src/pocketcalculator.o" "../src/pocketcalculator.cpp"
Finished building: ../src/pocketcalculator.cpp
 
Building target: Testat
Invoking: GCC C++ Linker
g++  -o "Testat"  ./src/Test.o ./src/calc.o ./src/main.o ./src/pocketcalculator.o ./src/sevensegment.o   
Finished building target: Testat
 
16:42:53 **** Incremental Build of configuration Debug for project Testat ****
make all 
Building file: ../src/Test.cpp
Invoking: GCC C++ Compiler
g++ -std=c++1y -I"/home/rzi/HSR/module/CPl/workspace/Testat/cute" -O0 -g3 -Wall -c -fmessage-length=0 -Wno-attributes -MMD -MP -MF"src/Test.d" -MT"src/Test.o" -o "src/Test.o" "../src/Test.cpp"
Finished building: ../src/Test.cpp
 
Building file: ../src/main.cpp
Invoking: GCC C++ Compiler
g++ -std=c++1y -I"/home/rzi/HSR/module/CPl/workspace/Testat/cute" -O0 -g3 -Wall -c -fmessage-length=0 -Wno-attributes -MMD -MP -MF"src/main.d" -MT"src/main.o" -o "src/main.o" "../src/main.cpp"
Finished building: ../src/main.cpp
 
Building file: ../src/sevensegment.cpp
Invoking: GCC C++ Compiler
g++ -std=c++1y -I"/home/rzi/HSR/module/CPl/workspace/Testat/cute" -O0 -g3 -Wall -c -fmessage-length=0 -Wno-attributes -MMD -MP -MF"src/sevensegment.d" -MT"src/sevensegment.o" -o "src/sevensegment.o" "../src/sevensegment.cpp"
../src/sevensegment.cpp: In lambda function:
../src/sevensegment.cpp:41:16: error: invalid use of incomplete type ‘std::ostringstream {aka class std::__cxx11::basic_ostringstream<char>}’
   out << buffer.str();
                ^
In file included from ../src/sevensegment.cpp:1:0:
/usr/include/c++/6.2.1/iosfwd:104:11: note: declaration of ‘std::ostringstream {aka class std::__cxx11::basic_ostringstream<char>}’
     class basic_ostringstream;
           ^~~~~~~~~~~~~~~~~~~
../src/sevensegment.cpp: In instantiation of ‘do_print(std::__cxx11::string, std::ostream&, unsigned int)::<lambda(auto:1)> [with auto:1 = std::vector<std::__cxx11::basic_string<char> >]’:
/usr/include/c++/6.2.1/bits/stl_algo.h:3769:5:   required from ‘_Funct std::for_each(_IIter, _IIter, _Funct) [with _IIter = __gnu_cxx::__normal_iterator<const std::vector<std::__cxx11::basic_string<char> >*, std::vector<std::vector<std::__cxx11::basic_string<char> > > >; _Funct = do_print(std::__cxx11::string, std::ostream&, unsigned int)::<lambda(auto:1)>]’
../src/sevensegment.cpp:44:3:   required from here
../src/sevensegment.cpp:21:68: warning: narrowing conversion of ‘(((counter == 2) || (counter == 4)) ? ((unsigned int)scale) : 1u)’ from ‘unsigned int’ to ‘int’ inside { } [-Wnarrowing]
   const int repetitions {(counter == 2 || counter == 4) ? scale : 1};
                                                                    ^
../src/sevensegment.cpp:24:29: error: ‘std::ostringstream buffer’ has incomplete type
   std::ostringstream buffer{};
                             ^
make: *** [src/subdir.mk:32: src/sevensegment.o] Error 1
16:43:22 **** Incremental Build of configuration Debug for project Testat ****
make all 
Building file: ../src/sevensegment.cpp
Invoking: GCC C++ Compiler
g++ -std=c++1y -I"/home/rzi/HSR/module/CPl/workspace/Testat/cute" -O0 -g3 -Wall -c -fmessage-length=0 -Wno-attributes -MMD -MP -MF"src/sevensegment.d" -MT"src/sevensegment.o" -o "src/sevensegment.o" "../src/sevensegment.cpp"
../src/sevensegment.cpp: In instantiation of ‘do_print(std::__cxx11::string, std::ostream&, unsigned int)::<lambda(auto:1)> [with auto:1 = std::vector<std::__cxx11::basic_string<char> >]’:
/usr/include/c++/6.2.1/bits/stl_algo.h:3769:5:   required from ‘_Funct std::for_each(_IIter, _IIter, _Funct) [with _IIter = __gnu_cxx::__normal_iterator<const std::vector<std::__cxx11::basic_string<char> >*, std::vector<std::vector<std::__cxx11::basic_string<char> > > >; _Funct = do_print(std::__cxx11::string, std::ostream&, unsigned int)::<lambda(auto:1)>]’
../src/sevensegment.cpp:45:3:   required from here
../src/sevensegment.cpp:22:68: warning: narrowing conversion of ‘(((counter == 2) || (counter == 4)) ? ((unsigned int)scale) : 1u)’ from ‘unsigned int’ to ‘int’ inside { } [-Wnarrowing]
   const int repetitions {(counter == 2 || counter == 4) ? scale : 1};
                                                                    ^
Finished building: ../src/sevensegment.cpp
 
Building target: Testat
Invoking: GCC C++ Linker
g++  -o "Testat"  ./src/Test.o ./src/calc.o ./src/main.o ./src/pocketcalculator.o ./src/sevensegment.o   
Finished building target: Testat
 
16:44:18 **** Incremental Build of configuration Debug for project Testat ****
make all 
Building file: ../src/sevensegment.cpp
Invoking: GCC C++ Compiler
g++ -std=c++1y -I"/home/rzi/HSR/module/CPl/workspace/Testat/cute" -O0 -g3 -Wall -c -fmessage-length=0 -Wno-attributes -MMD -MP -MF"src/sevensegment.d" -MT"src/sevensegment.o" -o "src/sevensegment.o" "../src/sevensegment.cpp"
../src/sevensegment.cpp: In instantiation of ‘do_print(std::__cxx11::string, std::ostream&, unsigned int)::<lambda(auto:1)> [with auto:1 = std::vector<std::__cxx11::basic_string<char> >]’:
/usr/include/c++/6.2.1/bits/stl_algo.h:3769:5:   required from ‘_Funct std::for_each(_IIter, _IIter, _Funct) [with _IIter = __gnu_cxx::__normal_iterator<const std::vector<std::__cxx11::basic_string<char> >*, std::vector<std::vector<std::__cxx11::basic_string<char> > > >; _Funct = do_print(std::__cxx11::string, std::ostream&, unsigned int)::<lambda(auto:1)>]’
../src/sevensegment.cpp:44:3:   required from here
../src/sevensegment.cpp:39:68: warning: narrowing conversion of ‘(((counter == 1) || (counter == 3)) ? ((unsigned int)scale) : 1u)’ from ‘unsigned int’ to ‘int’ inside { } [-Wnarrowing]
   const int repetitions {(counter == 1 || counter == 3) ? scale : 1};
                                                                    ^
Finished building: ../src/sevensegment.cpp
 
Building target: Testat
Invoking: GCC C++ Linker
g++  -o "Testat"  ./src/Test.o ./src/calc.o ./src/main.o ./src/pocketcalculator.o ./src/sevensegment.o   
Finished building target: Testat
 
16:45:24 **** Incremental Build of configuration Debug for project Testat ****
make all 
Building file: ../src/sevensegment.cpp
Invoking: GCC C++ Compiler
g++ -std=c++1y -I"/home/rzi/HSR/module/CPl/workspace/Testat/cute" -O0 -g3 -Wall -c -fmessage-length=0 -Wno-attributes -MMD -MP -MF"src/sevensegment.d" -MT"src/sevensegment.o" -o "src/sevensegment.o" "../src/sevensegment.cpp"
../src/sevensegment.cpp: In function ‘void do_print(std::__cxx11::string, std::ostream&, unsigned int)’:
../src/sevensegment.cpp:19:22: error: narrowing conversion of ‘-1’ from ‘int’ to ‘unsigned int’ inside { } [-Wnarrowing]
  unsigned counter {-1};
                      ^
../src/sevensegment.cpp: In instantiation of ‘do_print(std::__cxx11::string, std::ostream&, unsigned int)::<lambda(auto:1)> [with auto:1 = std::vector<std::__cxx11::basic_string<char> >]’:
/usr/include/c++/6.2.1/bits/stl_algo.h:3769:5:   required from ‘_Funct std::for_each(_IIter, _IIter, _Funct) [with _IIter = __gnu_cxx::__normal_iterator<const std::vector<std::__cxx11::basic_string<char> >*, std::vector<std::vector<std::__cxx11::basic_string<char> > > >; _Funct = do_print(std::__cxx11::string, std::ostream&, unsigned int)::<lambda(auto:1)>]’
../src/sevensegment.cpp:44:3:   required from here
../src/sevensegment.cpp:40:25: warning: comparison between signed and unsigned integer expressions [-Wsign-compare]
   for (int var = 0; var < repetitions; ++var) {
                     ~~~~^~~~~~~~~~~~~
make: *** [src/subdir.mk:32: src/sevensegment.o] Error 1
16:45:37 **** Incremental Build of configuration Debug for project Testat ****
make all 
Building file: ../src/sevensegment.cpp
Invoking: GCC C++ Compiler
g++ -std=c++1y -I"/home/rzi/HSR/module/CPl/workspace/Testat/cute" -O0 -g3 -Wall -c -fmessage-length=0 -Wno-attributes -MMD -MP -MF"src/sevensegment.d" -MT"src/sevensegment.o" -o "src/sevensegment.o" "../src/sevensegment.cpp"
../src/sevensegment.cpp: In function ‘void do_print(std::__cxx11::string, std::ostream&, unsigned int)’:
../src/sevensegment.cpp:19:22: error: narrowing conversion of ‘-1’ from ‘int’ to ‘unsigned int’ inside { } [-Wnarrowing]
  unsigned counter {-1};
                      ^
make: *** [src/subdir.mk:32: src/sevensegment.o] Error 1
16:45:45 **** Incremental Build of configuration Debug for project Testat ****
make all 
Building file: ../src/sevensegment.cpp
Invoking: GCC C++ Compiler
g++ -std=c++1y -I"/home/rzi/HSR/module/CPl/workspace/Testat/cute" -O0 -g3 -Wall -c -fmessage-length=0 -Wno-attributes -MMD -MP -MF"src/sevensegment.d" -MT"src/sevensegment.o" -o "src/sevensegment.o" "../src/sevensegment.cpp"
Finished building: ../src/sevensegment.cpp
 
Building target: Testat
Invoking: GCC C++ Linker
g++  -o "Testat"  ./src/Test.o ./src/calc.o ./src/main.o ./src/pocketcalculator.o ./src/sevensegment.o   
Finished building target: Testat
 
16:45:56 **** Incremental Build of configuration Debug for project Testat ****
make all 
Building file: ../src/sevensegment.cpp
Invoking: GCC C++ Compiler
g++ -std=c++1y -I"/home/rzi/HSR/module/CPl/workspace/Testat/cute" -O0 -g3 -Wall -c -fmessage-length=0 -Wno-attributes -MMD -MP -MF"src/sevensegment.d" -MT"src/sevensegment.o" -o "src/sevensegment.o" "../src/sevensegment.cpp"
Finished building: ../src/sevensegment.cpp
 
Building target: Testat
Invoking: GCC C++ Linker
g++  -o "Testat"  ./src/Test.o ./src/calc.o ./src/main.o ./src/pocketcalculator.o ./src/sevensegment.o   
Finished building target: Testat
 
16:47:29 **** Incremental Build of configuration Debug for project Testat ****
make all 
Building file: ../src/sevensegment.cpp
Invoking: GCC C++ Compiler
g++ -std=c++1y -I"/home/rzi/HSR/module/CPl/workspace/Testat/cute" -O0 -g3 -Wall -c -fmessage-length=0 -Wno-attributes -MMD -MP -MF"src/sevensegment.d" -MT"src/sevensegment.o" -o "src/sevensegment.o" "../src/sevensegment.cpp"
../src/sevensegment.cpp: In lambda function:
../src/sevensegment.cpp:42:27: error: no matching function for call to ‘begin(std::ostream&)’
      std::fill_n(begin(out), repetitions, out);
                           ^
In file included from /usr/include/c++/6.2.1/string:51:0,
                 from /usr/include/c++/6.2.1/bits/locale_classes.h:40,
                 from /usr/include/c++/6.2.1/bits/ios_base.h:41,
                 from /usr/include/c++/6.2.1/ios:42,
                 from /usr/include/c++/6.2.1/ostream:38,
                 from /usr/include/c++/6.2.1/iterator:64,
                 from ../src/sevensegment.cpp:2:
/usr/include/c++/6.2.1/bits/range_access.h:105:37: note: candidate: template<class _Tp> const _Tp* std::begin(const std::valarray<_Tp>&)
   template<typename _Tp> const _Tp* begin(const valarray<_Tp>&);
                                     ^~~~~
/usr/include/c++/6.2.1/bits/range_access.h:105:37: note:   template argument deduction/substitution failed:
../src/sevensegment.cpp:42:27: note:   ‘std::ostream {aka std::basic_ostream<char>}’ is not derived from ‘const std::valarray<_Tp>’
      std::fill_n(begin(out), repetitions, out);
                           ^
In file included from /usr/include/c++/6.2.1/string:51:0,
                 from /usr/include/c++/6.2.1/bits/locale_classes.h:40,
                 from /usr/include/c++/6.2.1/bits/ios_base.h:41,
                 from /usr/include/c++/6.2.1/ios:42,
                 from /usr/include/c++/6.2.1/ostream:38,
                 from /usr/include/c++/6.2.1/iterator:64,
                 from ../src/sevensegment.cpp:2:
/usr/include/c++/6.2.1/bits/range_access.h:104:31: note: candidate: template<class _Tp> _Tp* std::begin(std::valarray<_Tp>&)
   template<typename _Tp> _Tp* begin(valarray<_Tp>&);
                               ^~~~~
/usr/include/c++/6.2.1/bits/range_access.h:104:31: note:   template argument deduction/substitution failed:
../src/sevensegment.cpp:42:27: note:   ‘std::ostream {aka std::basic_ostream<char>}’ is not derived from ‘std::valarray<_Tp>’
      std::fill_n(begin(out), repetitions, out);
                           ^
In file included from /usr/include/c++/6.2.1/string:51:0,
                 from /usr/include/c++/6.2.1/bits/locale_classes.h:40,
                 from /usr/include/c++/6.2.1/bits/ios_base.h:41,
                 from /usr/include/c++/6.2.1/ios:42,
                 from /usr/include/c++/6.2.1/ostream:38,
                 from /usr/include/c++/6.2.1/iterator:64,
                 from ../src/sevensegment.cpp:2:
/usr/include/c++/6.2.1/bits/range_access.h:87:5: note: candidate: template<class _Tp, long unsigned int _Nm> constexpr _Tp* std::begin(_Tp (&)[_Nm])
     begin(_Tp (&__arr)[_Nm])
     ^~~~~
/usr/include/c++/6.2.1/bits/range_access.h:87:5: note:   template argument deduction/substitution failed:
../src/sevensegment.cpp:42:27: note:   mismatched types ‘_Tp [_Nm]’ and ‘std::ostream {aka std::basic_ostream<char>}’
      std::fill_n(begin(out), repetitions, out);
                           ^
In file included from /usr/include/c++/6.2.1/string:51:0,
                 from /usr/include/c++/6.2.1/bits/locale_classes.h:40,
                 from /usr/include/c++/6.2.1/bits/ios_base.h:41,
                 from /usr/include/c++/6.2.1/ios:42,
                 from /usr/include/c++/6.2.1/ostream:38,
                 from /usr/include/c++/6.2.1/iterator:64,
                 from ../src/sevensegment.cpp:2:
/usr/include/c++/6.2.1/bits/range_access.h:58:5: note: candidate: template<class _Container> decltype (__cont.begin()) std::begin(const _Container&)
     begin(const _Container& __cont) -> decltype(__cont.begin())
     ^~~~~
/usr/include/c++/6.2.1/bits/range_access.h:58:5: note:   template argument deduction/substitution failed:
/usr/include/c++/6.2.1/bits/range_access.h: In substitution of ‘template<class _Container> decltype (__cont.begin()) std::begin(const _Container&) [with _Container = std::basic_ostream<char>]’:
../src/sevensegment.cpp:42:27:   required from here
/usr/include/c++/6.2.1/bits/range_access.h:58:56: error: ‘const class std::basic_ostream<char>’ has no member named ‘begin’; did you mean ‘beg’?
     begin(const _Container& __cont) -> decltype(__cont.begin())
                                                 ~~~~~~~^~~~~
/usr/include/c++/6.2.1/bits/range_access.h:48:5: note: candidate: template<class _Container> decltype (__cont.begin()) std::begin(_Container&)
     begin(_Container& __cont) -> decltype(__cont.begin())
     ^~~~~
/usr/include/c++/6.2.1/bits/range_access.h:48:5: note:   template argument deduction/substitution failed:
/usr/include/c++/6.2.1/bits/range_access.h: In substitution of ‘template<class _Container> decltype (__cont.begin()) std::begin(_Container&) [with _Container = std::basic_ostream<char>]’:
../src/sevensegment.cpp:42:27:   required from here
/usr/include/c++/6.2.1/bits/range_access.h:48:50: error: ‘class std::basic_ostream<char>’ has no member named ‘begin’; did you mean ‘beg’?
     begin(_Container& __cont) -> decltype(__cont.begin())
                                           ~~~~~~~^~~~~
In file included from /usr/include/c++/6.2.1/bits/range_access.h:36:0,
                 from /usr/include/c++/6.2.1/string:51,
                 from /usr/include/c++/6.2.1/bits/locale_classes.h:40,
                 from /usr/include/c++/6.2.1/bits/ios_base.h:41,
                 from /usr/include/c++/6.2.1/ios:42,
                 from /usr/include/c++/6.2.1/ostream:38,
                 from /usr/include/c++/6.2.1/iterator:64,
                 from ../src/sevensegment.cpp:2:
/usr/include/c++/6.2.1/initializer_list:89:5: note: candidate: template<class _Tp> constexpr const _Tp* std::begin(std::initializer_list<_Tp>)
     begin(initializer_list<_Tp> __ils) noexcept
     ^~~~~
/usr/include/c++/6.2.1/initializer_list:89:5: note:   template argument deduction/substitution failed:
../src/sevensegment.cpp:42:27: note:   ‘std::basic_ostream<char>’ is not derived from ‘std::initializer_list<_Tp>’
      std::fill_n(begin(out), repetitions, out);
                           ^
make: *** [src/subdir.mk:32: src/sevensegment.o] Error 1
16:48:17 **** Incremental Build of configuration Debug for project Testat ****
make all 
Building file: ../src/sevensegment.cpp
Invoking: GCC C++ Compiler
g++ -std=c++1y -I"/home/rzi/HSR/module/CPl/workspace/Testat/cute" -O0 -g3 -Wall -c -fmessage-length=0 -Wno-attributes -MMD -MP -MF"src/sevensegment.d" -MT"src/sevensegment.o" -o "src/sevensegment.o" "../src/sevensegment.cpp"
../src/sevensegment.cpp: In lambda function:
../src/sevensegment.cpp:42:27: error: no matching function for call to ‘begin(std::ostream&)’
      std::fill_n(begin(out), repetitions, buffer.str());
                           ^
In file included from /usr/include/c++/6.2.1/string:51:0,
                 from /usr/include/c++/6.2.1/bits/locale_classes.h:40,
                 from /usr/include/c++/6.2.1/bits/ios_base.h:41,
                 from /usr/include/c++/6.2.1/ios:42,
                 from /usr/include/c++/6.2.1/ostream:38,
                 from /usr/include/c++/6.2.1/iterator:64,
                 from ../src/sevensegment.cpp:2:
/usr/include/c++/6.2.1/bits/range_access.h:105:37: note: candidate: template<class _Tp> const _Tp* std::begin(const std::valarray<_Tp>&)
   template<typename _Tp> const _Tp* begin(const valarray<_Tp>&);
                                     ^~~~~
/usr/include/c++/6.2.1/bits/range_access.h:105:37: note:   template argument deduction/substitution failed:
../src/sevensegment.cpp:42:27: note:   ‘std::ostream {aka std::basic_ostream<char>}’ is not derived from ‘const std::valarray<_Tp>’
      std::fill_n(begin(out), repetitions, buffer.str());
                           ^
In file included from /usr/include/c++/6.2.1/string:51:0,
                 from /usr/include/c++/6.2.1/bits/locale_classes.h:40,
                 from /usr/include/c++/6.2.1/bits/ios_base.h:41,
                 from /usr/include/c++/6.2.1/ios:42,
                 from /usr/include/c++/6.2.1/ostream:38,
                 from /usr/include/c++/6.2.1/iterator:64,
                 from ../src/sevensegment.cpp:2:
/usr/include/c++/6.2.1/bits/range_access.h:104:31: note: candidate: template<class _Tp> _Tp* std::begin(std::valarray<_Tp>&)
   template<typename _Tp> _Tp* begin(valarray<_Tp>&);
                               ^~~~~
/usr/include/c++/6.2.1/bits/range_access.h:104:31: note:   template argument deduction/substitution failed:
../src/sevensegment.cpp:42:27: note:   ‘std::ostream {aka std::basic_ostream<char>}’ is not derived from ‘std::valarray<_Tp>’
      std::fill_n(begin(out), repetitions, buffer.str());
                           ^
In file included from /usr/include/c++/6.2.1/string:51:0,
                 from /usr/include/c++/6.2.1/bits/locale_classes.h:40,
                 from /usr/include/c++/6.2.1/bits/ios_base.h:41,
                 from /usr/include/c++/6.2.1/ios:42,
                 from /usr/include/c++/6.2.1/ostream:38,
                 from /usr/include/c++/6.2.1/iterator:64,
                 from ../src/sevensegment.cpp:2:
/usr/include/c++/6.2.1/bits/range_access.h:87:5: note: candidate: template<class _Tp, long unsigned int _Nm> constexpr _Tp* std::begin(_Tp (&)[_Nm])
     begin(_Tp (&__arr)[_Nm])
     ^~~~~
/usr/include/c++/6.2.1/bits/range_access.h:87:5: note:   template argument deduction/substitution failed:
../src/sevensegment.cpp:42:27: note:   mismatched types ‘_Tp [_Nm]’ and ‘std::ostream {aka std::basic_ostream<char>}’
      std::fill_n(begin(out), repetitions, buffer.str());
                           ^
In file included from /usr/include/c++/6.2.1/string:51:0,
                 from /usr/include/c++/6.2.1/bits/locale_classes.h:40,
                 from /usr/include/c++/6.2.1/bits/ios_base.h:41,
                 from /usr/include/c++/6.2.1/ios:42,
                 from /usr/include/c++/6.2.1/ostream:38,
                 from /usr/include/c++/6.2.1/iterator:64,
                 from ../src/sevensegment.cpp:2:
/usr/include/c++/6.2.1/bits/range_access.h:58:5: note: candidate: template<class _Container> decltype (__cont.begin()) std::begin(const _Container&)
     begin(const _Container& __cont) -> decltype(__cont.begin())
     ^~~~~
/usr/include/c++/6.2.1/bits/range_access.h:58:5: note:   template argument deduction/substitution failed:
/usr/include/c++/6.2.1/bits/range_access.h: In substitution of ‘template<class _Container> decltype (__cont.begin()) std::begin(const _Container&) [with _Container = std::basic_ostream<char>]’:
../src/sevensegment.cpp:42:27:   required from here
/usr/include/c++/6.2.1/bits/range_access.h:58:56: error: ‘const class std::basic_ostream<char>’ has no member named ‘begin’; did you mean ‘beg’?
     begin(const _Container& __cont) -> decltype(__cont.begin())
                                                 ~~~~~~~^~~~~
/usr/include/c++/6.2.1/bits/range_access.h:48:5: note: candidate: template<class _Container> decltype (__cont.begin()) std::begin(_Container&)
     begin(_Container& __cont) -> decltype(__cont.begin())
     ^~~~~
/usr/include/c++/6.2.1/bits/range_access.h:48:5: note:   template argument deduction/substitution failed:
/usr/include/c++/6.2.1/bits/range_access.h: In substitution of ‘template<class _Container> decltype (__cont.begin()) std::begin(_Container&) [with _Container = std::basic_ostream<char>]’:
../src/sevensegment.cpp:42:27:   required from here
/usr/include/c++/6.2.1/bits/range_access.h:48:50: error: ‘class std::basic_ostream<char>’ has no member named ‘begin’; did you mean ‘beg’?
     begin(_Container& __cont) -> decltype(__cont.begin())
                                           ~~~~~~~^~~~~
In file included from /usr/include/c++/6.2.1/bits/range_access.h:36:0,
                 from /usr/include/c++/6.2.1/string:51,
                 from /usr/include/c++/6.2.1/bits/locale_classes.h:40,
                 from /usr/include/c++/6.2.1/bits/ios_base.h:41,
                 from /usr/include/c++/6.2.1/ios:42,
                 from /usr/include/c++/6.2.1/ostream:38,
                 from /usr/include/c++/6.2.1/iterator:64,
                 from ../src/sevensegment.cpp:2:
/usr/include/c++/6.2.1/initializer_list:89:5: note: candidate: template<class _Tp> constexpr const _Tp* std::begin(std::initializer_list<_Tp>)
     begin(initializer_list<_Tp> __ils) noexcept
     ^~~~~
/usr/include/c++/6.2.1/initializer_list:89:5: note:   template argument deduction/substitution failed:
../src/sevensegment.cpp:42:27: note:   ‘std::basic_ostream<char>’ is not derived from ‘std::initializer_list<_Tp>’
      std::fill_n(begin(out), repetitions, buffer.str());
                           ^
make: *** [src/subdir.mk:32: src/sevensegment.o] Error 1
16:48:27 **** Incremental Build of configuration Debug for project Testat ****
make all 
Building file: ../src/sevensegment.cpp
Invoking: GCC C++ Compiler
g++ -std=c++1y -I"/home/rzi/HSR/module/CPl/workspace/Testat/cute" -O0 -g3 -Wall -c -fmessage-length=0 -Wno-attributes -MMD -MP -MF"src/sevensegment.d" -MT"src/sevensegment.o" -o "src/sevensegment.o" "../src/sevensegment.cpp"
Finished building: ../src/sevensegment.cpp
 
Building target: Testat
Invoking: GCC C++ Linker
g++  -o "Testat"  ./src/Test.o ./src/calc.o ./src/main.o ./src/pocketcalculator.o ./src/sevensegment.o   
Finished building target: Testat
 
16:50:35 **** Incremental Build of configuration Debug for project Testat ****
make all 
Building file: ../src/sevensegment.cpp
Invoking: GCC C++ Compiler
g++ -std=c++1y -I"/home/rzi/HSR/module/CPl/workspace/Testat/cute" -O0 -g3 -Wall -c -fmessage-length=0 -Wno-attributes -MMD -MP -MF"src/sevensegment.d" -MT"src/sevensegment.o" -o "src/sevensegment.o" "../src/sevensegment.cpp"
Finished building: ../src/sevensegment.cpp
 
Building target: Testat
Invoking: GCC C++ Linker
g++  -o "Testat"  ./src/Test.o ./src/calc.o ./src/main.o ./src/pocketcalculator.o ./src/sevensegment.o   
Finished building target: Testat
 
16:51:47 **** Incremental Build of configuration Debug for project Testat ****
make all 
Building file: ../src/Test.cpp
Invoking: GCC C++ Compiler
g++ -std=c++1y -I"/home/rzi/HSR/module/CPl/workspace/Testat/cute" -O0 -g3 -Wall -c -fmessage-length=0 -Wno-attributes -MMD -MP -MF"src/Test.d" -MT"src/Test.o" -o "src/Test.o" "../src/Test.cpp"
Finished building: ../src/Test.cpp
 
Building file: ../src/main.cpp
Invoking: GCC C++ Compiler
g++ -std=c++1y -I"/home/rzi/HSR/module/CPl/workspace/Testat/cute" -O0 -g3 -Wall -c -fmessage-length=0 -Wno-attributes -MMD -MP -MF"src/main.d" -MT"src/main.o" -o "src/main.o" "../src/main.cpp"
Finished building: ../src/main.cpp
 
Building target: Testat
Invoking: GCC C++ Linker
g++  -o "Testat"  ./src/Test.o ./src/calc.o ./src/main.o ./src/pocketcalculator.o ./src/sevensegment.o   
Finished building target: Testat
 
16:52:35 **** Incremental Build of configuration Debug for project Testat ****
make all 
make: Nothing to be done for 'all'.
16:55:46 **** Incremental Build of configuration Debug for project Testat ****
make all 
Building file: ../src/Test.cpp
Invoking: GCC C++ Compiler
g++ -std=c++1y -I"/home/rzi/HSR/module/CPl/workspace/Testat/cute" -O0 -g3 -Wall -c -fmessage-length=0 -Wno-attributes -MMD -MP -MF"src/Test.d" -MT"src/Test.o" -o "src/Test.o" "../src/Test.cpp"
Finished building: ../src/Test.cpp
 
Building file: ../src/sevensegment.cpp
Invoking: GCC C++ Compiler
g++ -std=c++1y -I"/home/rzi/HSR/module/CPl/workspace/Testat/cute" -O0 -g3 -Wall -c -fmessage-length=0 -Wno-attributes -MMD -MP -MF"src/sevensegment.d" -MT"src/sevensegment.o" -o "src/sevensegment.o" "../src/sevensegment.cpp"
Finished building: ../src/sevensegment.cpp
 
Building target: Testat
Invoking: GCC C++ Linker
g++  -o "Testat"  ./src/Test.o ./src/calc.o ./src/main.o ./src/pocketcalculator.o ./src/sevensegment.o   
./src/main.o: In function `main':
/home/rzi/HSR/module/CPl/workspace/Testat/Debug/../src/main.cpp:6: multiple definition of `main'
./src/Test.o:/home/rzi/HSR/module/CPl/workspace/Testat/Debug/../src/Test.cpp:352: first defined here
collect2: error: ld returned 1 exit status
make: *** [makefile:47: Testat] Error 1
