16:55:46 **** Incremental Build of configuration Debug for project Testat ****
make all 
Building file: ../src/Test.cpp
Invoking: GCC C++ Compiler
g++ -std=c++1y -I"/home/rzi/HSR/module/CPl/workspace/Testat/cute" -O0 -g3 -Wall -c -fmessage-length=0 -Wno-attributes -MMD -MP -MF"src/Test.d" -MT"src/Test.o" -o "src/Test.o" "../src/Test.cpp"
Finished building: ../src/Test.cpp
 
Building file: ../src/sevensegment.cpp
Invoking: GCC C++ Compiler
g++ -std=c++1y -I"/home/rzi/HSR/module/CPl/workspace/Testat/cute" -O0 -g3 -Wall -c -fmessage-length=0 -Wno-attributes -MMD -MP -MF"src/sevensegment.d" -MT"src/sevensegment.o" -o "src/sevensegment.o" "../src/sevensegment.cpp"
Finished building: ../src/sevensegment.cpp
 
Building target: Testat
Invoking: GCC C++ Linker
g++  -o "Testat"  ./src/Test.o ./src/calc.o ./src/main.o ./src/pocketcalculator.o ./src/sevensegment.o   
./src/main.o: In function `main':
/home/rzi/HSR/module/CPl/workspace/Testat/Debug/../src/main.cpp:6: multiple definition of `main'
./src/Test.o:/home/rzi/HSR/module/CPl/workspace/Testat/Debug/../src/Test.cpp:352: first defined here
collect2: error: ld returned 1 exit status
make: *** [makefile:47: Testat] Error 1

16:55:48 Build Finished (took 1s.771ms)

